Service events log started at 2026-03-10T18:47:46.482319
==================================================

=== Server session started at 2026-03-28T22:25:01.015170 ===

=== Server session started at 2026-03-28T22:28:14.019775 ===

=== Server session started at 2026-03-29T00:00:33.822583 ===

=== Server session started at 2026-03-29T01:28:01.842864 ===
[2026-03-29T01:28:31.928159] SERVICE_DOWN | Team: abcd | Service: TCP/8000 | Points Lost: 10 | Reason: Port consecutively down (failures: 2)
[2026-03-29T01:28:31.928274] SERVICE_DOWN | Team: abcd | Service: TCP/8001 | Points Lost: 10 | Reason: Port consecutively down (failures: 2)
[2026-03-29T01:28:31.928342] SERVICE_DOWN | Team: abcd | Service: TCP/8002 | Points Lost: 10 | Reason: Port consecutively down (failures: 2)
[2026-03-29T01:28:31.928401] SERVICE_DOWN | Team: abcd | Service: TCP/8003 | Points Lost: 10 | Reason: Port consecutively down (failures: 2)
[2026-03-29T01:28:31.928456] SERVICE_DOWN | Team: abcd | Service: TCP/8004 | Points Lost: 10 | Reason: Port consecutively down (failures: 2)
[2026-03-29T01:28:31.928513] SERVICE_DOWN | Team: abcd | Service: TCP/8005 | Points Lost: 10 | Reason: Port consecutively down (failures: 2)
[2026-03-29T01:28:33.426739] SERVICE_DOWN | Team: narendhar | Service: TCP/8000 | Points Lost: 10 | Reason: Port consecutively down (failures: 2)
[2026-03-29T01:28:33.427148] SERVICE_DOWN | Team: narendhar | Service: TCP/8001 | Points Lost: 10 | Reason: Port consecutively down (failures: 2)
[2026-03-29T01:28:33.427185] SERVICE_DOWN | Team: narendhar | Service: TCP/8002 | Points Lost: 10 | Reason: Port consecutively down (failures: 2)
[2026-03-29T01:28:33.427211] SERVICE_DOWN | Team: narendhar | Service: TCP/8003 | Points Lost: 10 | Reason: Port consecutively down (failures: 2)
[2026-03-29T01:28:33.427237] SERVICE_DOWN | Team: narendhar | Service: TCP/8004 | Points Lost: 10 | Reason: Port consecutively down (failures: 2)
[2026-03-29T01:28:33.427260] SERVICE_DOWN | Team: narendhar | Service: TCP/8005 | Points Lost: 10 | Reason: Port consecutively down (failures: 2)
[2026-03-29T01:28:33.428301] SERVICE_DOWN | Team: dharun | Service: TCP/8000 | Points Lost: 10 | Reason: Port consecutively down (failures: 2)
[2026-03-29T01:28:33.428430] SERVICE_DOWN | Team: dharun | Service: TCP/8001 | Points Lost: 10 | Reason: Port consecutively down (failures: 2)
[2026-03-29T01:28:33.428499] SERVICE_DOWN | Team: dharun | Service: TCP/8002 | Points Lost: 10 | Reason: Port consecutively down (failures: 2)
[2026-03-29T01:28:33.428567] SERVICE_DOWN | Team: dharun | Service: TCP/8003 | Points Lost: 10 | Reason: Port consecutively down (failures: 2)
[2026-03-29T01:28:33.428625] SERVICE_DOWN | Team: dharun | Service: TCP/8004 | Points Lost: 10 | Reason: Port consecutively down (failures: 2)
[2026-03-29T01:28:33.428870] SERVICE_DOWN | Team: dharun | Service: TCP/8005 | Points Lost: 10 | Reason: Port consecutively down (failures: 2)
[2026-03-29T01:28:41.929711] SERVICE_DOWN | Team: abcd | Service: TCP/8000 | Points Lost: 10 | Reason: Port consecutively down (failures: 3)
[2026-03-29T01:28:41.929807] SERVICE_DOWN | Team: abcd | Service: TCP/8001 | Points Lost: 10 | Reason: Port consecutively down (failures: 3)
[2026-03-29T01:28:41.929840] SERVICE_DOWN | Team: abcd | Service: TCP/8002 | Points Lost: 10 | Reason: Port consecutively down (failures: 3)
[2026-03-29T01:28:41.929865] SERVICE_DOWN | Team: abcd | Service: TCP/8003 | Points Lost: 10 | Reason: Port consecutively down (failures: 3)
[2026-03-29T01:28:41.929889] SERVICE_DOWN | Team: abcd | Service: TCP/8004 | Points Lost: 10 | Reason: Port consecutively down (failures: 3)
[2026-03-29T01:28:41.929913] SERVICE_DOWN | Team: abcd | Service: TCP/8005 | Points Lost: 10 | Reason: Port consecutively down (failures: 3)
[2026-03-29T01:28:43.430228] SERVICE_DOWN | Team: dharun | Service: TCP/8000 | Points Lost: 10 | Reason: Port consecutively down (failures: 3)
[2026-03-29T01:28:43.430292] SERVICE_DOWN | Team: dharun | Service: TCP/8001 | Points Lost: 10 | Reason: Port consecutively down (failures: 3)
[2026-03-29T01:28:43.430310] SERVICE_DOWN | Team: dharun | Service: TCP/8002 | Points Lost: 10 | Reason: Port consecutively down (failures: 3)
[2026-03-29T01:28:43.430338] SERVICE_DOWN | Team: dharun | Service: TCP/8003 | Points Lost: 10 | Reason: Port consecutively down (failures: 3)
[2026-03-29T01:28:43.430356] SERVICE_DOWN | Team: dharun | Service: TCP/8004 | Points Lost: 10 | Reason: Port consecutively down (failures: 3)
[2026-03-29T01:28:43.430373] SERVICE_DOWN | Team: dharun | Service: TCP/8005 | Points Lost: 10 | Reason: Port consecutively down (failures: 3)
[2026-03-29T01:28:43.430903] SERVICE_DOWN | Team: narendhar | Service: TCP/8000 | Points Lost: 10 | Reason: Port consecutively down (failures: 3)
[2026-03-29T01:28:43.430965] SERVICE_DOWN | Team: narendhar | Service: TCP/8001 | Points Lost: 10 | Reason: Port consecutively down (failures: 3)
[2026-03-29T01:28:43.430983] SERVICE_DOWN | Team: narendhar | Service: TCP/8002 | Points Lost: 10 | Reason: Port consecutively down (failures: 3)
[2026-03-29T01:28:43.430997] SERVICE_DOWN | Team: narendhar | Service: TCP/8003 | Points Lost: 10 | Reason: Port consecutively down (failures: 3)
[2026-03-29T01:28:43.431010] SERVICE_DOWN | Team: narendhar | Service: TCP/8004 | Points Lost: 10 | Reason: Port consecutively down (failures: 3)
[2026-03-29T01:28:43.431024] SERVICE_DOWN | Team: narendhar | Service: TCP/8005 | Points Lost: 10 | Reason: Port consecutively down (failures: 3)
[2026-03-29T01:28:51.927609] SERVICE_DOWN | Team: abcd | Service: TCP/8000 | Points Lost: 10 | Reason: Port consecutively down (failures: 4)
[2026-03-29T01:28:51.927910] SERVICE_DOWN | Team: abcd | Service: TCP/8001 | Points Lost: 10 | Reason: Port consecutively down (failures: 4)
[2026-03-29T01:28:51.928023] SERVICE_DOWN | Team: abcd | Service: TCP/8002 | Points Lost: 10 | Reason: Port consecutively down (failures: 4)
[2026-03-29T01:28:51.928186] SERVICE_DOWN | Team: abcd | Service: TCP/8003 | Points Lost: 10 | Reason: Port consecutively down (failures: 4)
[2026-03-29T01:28:51.928247] SERVICE_DOWN | Team: abcd | Service: TCP/8004 | Points Lost: 10 | Reason: Port consecutively down (failures: 4)
[2026-03-29T01:28:51.928303] SERVICE_DOWN | Team: abcd | Service: TCP/8005 | Points Lost: 10 | Reason: Port consecutively down (failures: 4)
[2026-03-29T01:28:53.428910] SERVICE_DOWN | Team: dharun | Service: TCP/8000 | Points Lost: 10 | Reason: Port consecutively down (failures: 4)
[2026-03-29T01:28:53.429568] SERVICE_DOWN | Team: dharun | Service: TCP/8001 | Points Lost: 10 | Reason: Port consecutively down (failures: 4)
[2026-03-29T01:28:53.429950] SERVICE_DOWN | Team: dharun | Service: TCP/8002 | Points Lost: 10 | Reason: Port consecutively down (failures: 4)
[2026-03-29T01:28:53.430221] SERVICE_DOWN | Team: dharun | Service: TCP/8003 | Points Lost: 10 | Reason: Port consecutively down (failures: 4)
[2026-03-29T01:28:53.430667] SERVICE_DOWN | Team: dharun | Service: TCP/8004 | Points Lost: 10 | Reason: Port consecutively down (failures: 4)
[2026-03-29T01:28:53.430810] SERVICE_DOWN | Team: narendhar | Service: TCP/8000 | Points Lost: 10 | Reason: Port consecutively down (failures: 4)
[2026-03-29T01:28:53.430891] SERVICE_DOWN | Team: dharun | Service: TCP/8005 | Points Lost: 10 | Reason: Port consecutively down (failures: 4)
[2026-03-29T01:28:53.431033] SERVICE_DOWN | Team: narendhar | Service: TCP/8001 | Points Lost: 10 | Reason: Port consecutively down (failures: 4)
[2026-03-29T01:28:53.431074] SERVICE_DOWN | Team: narendhar | Service: TCP/8002 | Points Lost: 10 | Reason: Port consecutively down (failures: 4)
[2026-03-29T01:28:53.431103] SERVICE_DOWN | Team: narendhar | Service: TCP/8003 | Points Lost: 10 | Reason: Port consecutively down (failures: 4)
[2026-03-29T01:28:53.431130] SERVICE_DOWN | Team: narendhar | Service: TCP/8004 | Points Lost: 10 | Reason: Port consecutively down (failures: 4)
[2026-03-29T01:28:53.431304] SERVICE_DOWN | Team: narendhar | Service: TCP/8005 | Points Lost: 10 | Reason: Port consecutively down (failures: 4)
[2026-03-29T01:29:01.933009] SERVICE_DOWN | Team: abcd | Service: TCP/8000 | Points Lost: 10 | Reason: Port consecutively down (failures: 5)
[2026-03-29T01:29:01.933330] SERVICE_DOWN | Team: abcd | Service: TCP/8001 | Points Lost: 10 | Reason: Port consecutively down (failures: 5)
[2026-03-29T01:29:01.933427] SERVICE_DOWN | Team: abcd | Service: TCP/8002 | Points Lost: 10 | Reason: Port consecutively down (failures: 5)
[2026-03-29T01:29:01.933491] SERVICE_DOWN | Team: abcd | Service: TCP/8003 | Points Lost: 10 | Reason: Port consecutively down (failures: 5)
[2026-03-29T01:29:01.933938] SERVICE_DOWN | Team: abcd | Service: TCP/8004 | Points Lost: 10 | Reason: Port consecutively down (failures: 5)
[2026-03-29T01:29:01.934059] SERVICE_DOWN | Team: abcd | Service: TCP/8005 | Points Lost: 10 | Reason: Port consecutively down (failures: 5)
[2026-03-29T01:29:03.428946] SERVICE_DOWN | Team: dharun | Service: TCP/8000 | Points Lost: 10 | Reason: Port consecutively down (failures: 5)
[2026-03-29T01:29:03.428995] SERVICE_DOWN | Team: dharun | Service: TCP/8001 | Points Lost: 10 | Reason: Port consecutively down (failures: 5)
[2026-03-29T01:29:03.429007] SERVICE_DOWN | Team: dharun | Service: TCP/8002 | Points Lost: 10 | Reason: Port consecutively down (failures: 5)
[2026-03-29T01:29:03.429017] SERVICE_DOWN | Team: dharun | Service: TCP/8003 | Points Lost: 10 | Reason: Port consecutively down (failures: 5)
[2026-03-29T01:29:03.429027] SERVICE_DOWN | Team: dharun | Service: TCP/8004 | Points Lost: 10 | Reason: Port consecutively down (failures: 5)
[2026-03-29T01:29:03.429036] SERVICE_DOWN | Team: dharun | Service: TCP/8005 | Points Lost: 10 | Reason: Port consecutively down (failures: 5)
[2026-03-29T01:29:03.431993] SERVICE_DOWN | Team: narendhar | Service: TCP/8000 | Points Lost: 10 | Reason: Port consecutively down (failures: 5)
[2026-03-29T01:29:03.432047] SERVICE_DOWN | Team: narendhar | Service: TCP/8001 | Points Lost: 10 | Reason: Port consecutively down (failures: 5)
[2026-03-29T01:29:03.432072] SERVICE_DOWN | Team: narendhar | Service: TCP/8002 | Points Lost: 10 | Reason: Port consecutively down (failures: 5)
[2026-03-29T01:29:03.432094] SERVICE_DOWN | Team: narendhar | Service: TCP/8003 | Points Lost: 10 | Reason: Port consecutively down (failures: 5)
[2026-03-29T01:29:03.432114] SERVICE_DOWN | Team: narendhar | Service: TCP/8004 | Points Lost: 10 | Reason: Port consecutively down (failures: 5)
[2026-03-29T01:29:03.432135] SERVICE_DOWN | Team: narendhar | Service: TCP/8005 | Points Lost: 10 | Reason: Port consecutively down (failures: 5)
[2026-03-29T01:29:11.928472] SERVICE_DOWN | Team: abcd | Service: TCP/8000 | Points Lost: 10 | Reason: Port consecutively down (failures: 6)
[2026-03-29T01:29:11.928599] SERVICE_DOWN | Team: abcd | Service: TCP/8001 | Points Lost: 10 | Reason: Port consecutively down (failures: 6)
[2026-03-29T01:29:11.928666] SERVICE_DOWN | Team: abcd | Service: TCP/8002 | Points Lost: 10 | Reason: Port consecutively down (failures: 6)
[2026-03-29T01:29:11.928721] SERVICE_DOWN | Team: abcd | Service: TCP/8003 | Points Lost: 10 | Reason: Port consecutively down (failures: 6)
[2026-03-29T01:29:11.928775] SERVICE_DOWN | Team: abcd | Service: TCP/8004 | Points Lost: 10 | Reason: Port consecutively down (failures: 6)
[2026-03-29T01:29:11.928826] SERVICE_DOWN | Team: abcd | Service: TCP/8005 | Points Lost: 10 | Reason: Port consecutively down (failures: 6)
[2026-03-29T01:29:13.427519] SERVICE_DOWN | Team: dharun | Service: TCP/8000 | Points Lost: 10 | Reason: Port consecutively down (failures: 6)
[2026-03-29T01:29:13.428147] SERVICE_DOWN | Team: dharun | Service: TCP/8001 | Points Lost: 10 | Reason: Port consecutively down (failures: 6)
[2026-03-29T01:29:13.428296] SERVICE_DOWN | Team: dharun | Service: TCP/8002 | Points Lost: 10 | Reason: Port consecutively down (failures: 6)
[2026-03-29T01:29:13.428376] SERVICE_DOWN | Team: dharun | Service: TCP/8003 | Points Lost: 10 | Reason: Port consecutively down (failures: 6)
[2026-03-29T01:29:13.428449] SERVICE_DOWN | Team: dharun | Service: TCP/8004 | Points Lost: 10 | Reason: Port consecutively down (failures: 6)
[2026-03-29T01:29:13.428516] SERVICE_DOWN | Team: dharun | Service: TCP/8005 | Points Lost: 10 | Reason: Port consecutively down (failures: 6)
[2026-03-29T01:29:13.429778] SERVICE_DOWN | Team: narendhar | Service: TCP/8000 | Points Lost: 10 | Reason: Port consecutively down (failures: 6)
[2026-03-29T01:29:13.429903] SERVICE_DOWN | Team: narendhar | Service: TCP/8001 | Points Lost: 10 | Reason: Port consecutively down (failures: 6)
[2026-03-29T01:29:13.430053] SERVICE_DOWN | Team: narendhar | Service: TCP/8002 | Points Lost: 10 | Reason: Port consecutively down (failures: 6)
[2026-03-29T01:29:13.430129] SERVICE_DOWN | Team: narendhar | Service: TCP/8003 | Points Lost: 10 | Reason: Port consecutively down (failures: 6)
[2026-03-29T01:29:13.430190] SERVICE_DOWN | Team: narendhar | Service: TCP/8004 | Points Lost: 10 | Reason: Port consecutively down (failures: 6)
[2026-03-29T01:29:13.430246] SERVICE_DOWN | Team: narendhar | Service: TCP/8005 | Points Lost: 10 | Reason: Port consecutively down (failures: 6)
[2026-03-29T01:29:21.928262] SERVICE_DOWN | Team: abcd | Service: TCP/8000 | Points Lost: 10 | Reason: Port consecutively down (failures: 7)
[2026-03-29T01:29:21.928395] SERVICE_DOWN | Team: abcd | Service: TCP/8001 | Points Lost: 10 | Reason: Port consecutively down (failures: 7)
[2026-03-29T01:29:21.928508] SERVICE_DOWN | Team: abcd | Service: TCP/8002 | Points Lost: 10 | Reason: Port consecutively down (failures: 7)
[2026-03-29T01:29:21.928592] SERVICE_DOWN | Team: abcd | Service: TCP/8003 | Points Lost: 10 | Reason: Port consecutively down (failures: 7)
[2026-03-29T01:29:21.928643] SERVICE_DOWN | Team: abcd | Service: TCP/8004 | Points Lost: 10 | Reason: Port consecutively down (failures: 7)
[2026-03-29T01:29:21.928675] SERVICE_DOWN | Team: abcd | Service: TCP/8005 | Points Lost: 10 | Reason: Port consecutively down (failures: 7)
[2026-03-29T01:29:23.425496] SERVICE_DOWN | Team: narendhar | Service: TCP/8000 | Points Lost: 10 | Reason: Port consecutively down (failures: 7)
[2026-03-29T01:29:23.425572] SERVICE_DOWN | Team: narendhar | Service: TCP/8001 | Points Lost: 10 | Reason: Port consecutively down (failures: 7)
[2026-03-29T01:29:23.425637] SERVICE_DOWN | Team: narendhar | Service: TCP/8002 | Points Lost: 10 | Reason: Port consecutively down (failures: 7)
[2026-03-29T01:29:23.425689] SERVICE_DOWN | Team: narendhar | Service: TCP/8003 | Points Lost: 10 | Reason: Port consecutively down (failures: 7)
[2026-03-29T01:29:23.425713] SERVICE_DOWN | Team: narendhar | Service: TCP/8004 | Points Lost: 10 | Reason: Port consecutively down (failures: 7)
[2026-03-29T01:29:23.425735] SERVICE_DOWN | Team: narendhar | Service: TCP/8005 | Points Lost: 10 | Reason: Port consecutively down (failures: 7)
[2026-03-29T01:29:23.429996] SERVICE_DOWN | Team: dharun | Service: TCP/8000 | Points Lost: 10 | Reason: Port consecutively down (failures: 7)
[2026-03-29T01:29:23.430052] SERVICE_DOWN | Team: dharun | Service: TCP/8001 | Points Lost: 10 | Reason: Port consecutively down (failures: 7)
[2026-03-29T01:29:23.430086] SERVICE_DOWN | Team: dharun | Service: TCP/8002 | Points Lost: 10 | Reason: Port consecutively down (failures: 7)
[2026-03-29T01:29:23.430117] SERVICE_DOWN | Team: dharun | Service: TCP/8003 | Points Lost: 10 | Reason: Port consecutively down (failures: 7)
[2026-03-29T01:29:23.430146] SERVICE_DOWN | Team: dharun | Service: TCP/8004 | Points Lost: 10 | Reason: Port consecutively down (failures: 7)
[2026-03-29T01:29:23.430174] SERVICE_DOWN | Team: dharun | Service: TCP/8005 | Points Lost: 10 | Reason: Port consecutively down (failures: 7)
[2026-03-29T01:29:31.919299] SERVICE_DOWN | Team: abcd | Service: TCP/8000 | Points Lost: 10 | Reason: Port consecutively down (failures: 8)
[2026-03-29T01:29:31.919356] SERVICE_DOWN | Team: abcd | Service: TCP/8001 | Points Lost: 10 | Reason: Port consecutively down (failures: 8)
[2026-03-29T01:29:31.919371] SERVICE_DOWN | Team: abcd | Service: TCP/8002 | Points Lost: 10 | Reason: Port consecutively down (failures: 8)
[2026-03-29T01:29:31.919380] SERVICE_DOWN | Team: abcd | Service: TCP/8003 | Points Lost: 10 | Reason: Port consecutively down (failures: 8)
[2026-03-29T01:29:31.919395] SERVICE_DOWN | Team: abcd | Service: TCP/8004 | Points Lost: 10 | Reason: Port consecutively down (failures: 8)
[2026-03-29T01:29:31.919403] SERVICE_DOWN | Team: abcd | Service: TCP/8005 | Points Lost: 10 | Reason: Port consecutively down (failures: 8)
[2026-03-29T01:29:33.420070] SERVICE_DOWN | Team: dharun | Service: TCP/8000 | Points Lost: 10 | Reason: Port consecutively down (failures: 8)
[2026-03-29T01:29:33.420125] SERVICE_DOWN | Team: dharun | Service: TCP/8001 | Points Lost: 10 | Reason: Port consecutively down (failures: 8)
[2026-03-29T01:29:33.420150] SERVICE_DOWN | Team: dharun | Service: TCP/8002 | Points Lost: 10 | Reason: Port consecutively down (failures: 8)
[2026-03-29T01:29:33.420172] SERVICE_DOWN | Team: dharun | Service: TCP/8003 | Points Lost: 10 | Reason: Port consecutively down (failures: 8)
[2026-03-29T01:29:33.420194] SERVICE_DOWN | Team: dharun | Service: TCP/8004 | Points Lost: 10 | Reason: Port consecutively down (failures: 8)
[2026-03-29T01:29:33.420215] SERVICE_DOWN | Team: dharun | Service: TCP/8005 | Points Lost: 10 | Reason: Port consecutively down (failures: 8)
[2026-03-29T01:29:33.420761] SERVICE_DOWN | Team: narendhar | Service: TCP/8000 | Points Lost: 10 | Reason: Port consecutively down (failures: 8)
[2026-03-29T01:29:33.420790] SERVICE_DOWN | Team: narendhar | Service: TCP/8001 | Points Lost: 10 | Reason: Port consecutively down (failures: 8)
[2026-03-29T01:29:33.420800] SERVICE_DOWN | Team: narendhar | Service: TCP/8002 | Points Lost: 10 | Reason: Port consecutively down (failures: 8)
[2026-03-29T01:29:33.420811] SERVICE_DOWN | Team: narendhar | Service: TCP/8003 | Points Lost: 10 | Reason: Port consecutively down (failures: 8)
[2026-03-29T01:29:33.420824] SERVICE_DOWN | Team: narendhar | Service: TCP/8004 | Points Lost: 10 | Reason: Port consecutively down (failures: 8)
[2026-03-29T01:29:33.420834] SERVICE_DOWN | Team: narendhar | Service: TCP/8005 | Points Lost: 10 | Reason: Port consecutively down (failures: 8)
[2026-03-29T01:29:41.923769] SERVICE_DOWN | Team: abcd | Service: TCP/8000 | Points Lost: 10 | Reason: Port consecutively down (failures: 9)
[2026-03-29T01:29:41.923864] SERVICE_DOWN | Team: abcd | Service: TCP/8001 | Points Lost: 10 | Reason: Port consecutively down (failures: 9)
[2026-03-29T01:29:41.923921] SERVICE_DOWN | Team: abcd | Service: TCP/8002 | Points Lost: 10 | Reason: Port consecutively down (failures: 9)
[2026-03-29T01:29:41.923965] SERVICE_DOWN | Team: abcd | Service: TCP/8003 | Points Lost: 10 | Reason: Port consecutively down (failures: 9)
[2026-03-29T01:29:41.924007] SERVICE_DOWN | Team: abcd | Service: TCP/8004 | Points Lost: 10 | Reason: Port consecutively down (failures: 9)
[2026-03-29T01:29:41.924057] SERVICE_DOWN | Team: abcd | Service: TCP/8005 | Points Lost: 10 | Reason: Port consecutively down (failures: 9)
[2026-03-29T01:29:43.423250] SERVICE_DOWN | Team: narendhar | Service: TCP/8000 | Points Lost: 10 | Reason: Port consecutively down (failures: 9)
[2026-03-29T01:29:43.423321] SERVICE_DOWN | Team: narendhar | Service: TCP/8001 | Points Lost: 10 | Reason: Port consecutively down (failures: 9)
[2026-03-29T01:29:43.423354] SERVICE_DOWN | Team: narendhar | Service: TCP/8002 | Points Lost: 10 | Reason: Port consecutively down (failures: 9)
[2026-03-29T01:29:43.423385] SERVICE_DOWN | Team: narendhar | Service: TCP/8003 | Points Lost: 10 | Reason: Port consecutively down (failures: 9)
[2026-03-29T01:29:43.423416] SERVICE_DOWN | Team: narendhar | Service: TCP/8004 | Points Lost: 10 | Reason: Port consecutively down (failures: 9)
[2026-03-29T01:29:43.423447] SERVICE_DOWN | Team: narendhar | Service: TCP/8005 | Points Lost: 10 | Reason: Port consecutively down (failures: 9)
[2026-03-29T01:29:43.424823] SERVICE_DOWN | Team: dharun | Service: TCP/8000 | Points Lost: 10 | Reason: Port consecutively down (failures: 9)
[2026-03-29T01:29:43.424878] SERVICE_DOWN | Team: dharun | Service: TCP/8001 | Points Lost: 10 | Reason: Port consecutively down (failures: 9)
[2026-03-29T01:29:43.424910] SERVICE_DOWN | Team: dharun | Service: TCP/8002 | Points Lost: 10 | Reason: Port consecutively down (failures: 9)
[2026-03-29T01:29:43.424947] SERVICE_DOWN | Team: dharun | Service: TCP/8003 | Points Lost: 10 | Reason: Port consecutively down (failures: 9)
[2026-03-29T01:29:43.424976] SERVICE_DOWN | Team: dharun | Service: TCP/8004 | Points Lost: 10 | Reason: Port consecutively down (failures: 9)
[2026-03-29T01:29:43.425002] SERVICE_DOWN | Team: dharun | Service: TCP/8005 | Points Lost: 10 | Reason: Port consecutively down (failures: 9)
[2026-03-29T01:29:51.925315] SERVICE_DOWN | Team: abcd | Service: TCP/8000 | Points Lost: 10 | Reason: Port consecutively down (failures: 10)
[2026-03-29T01:29:51.928756] SERVICE_DOWN | Team: abcd | Service: TCP/8001 | Points Lost: 10 | Reason: Port consecutively down (failures: 10)
[2026-03-29T01:29:51.930200] SERVICE_DOWN | Team: abcd | Service: TCP/8002 | Points Lost: 10 | Reason: Port consecutively down (failures: 10)
[2026-03-29T01:29:51.931024] SERVICE_DOWN | Team: abcd | Service: TCP/8003 | Points Lost: 10 | Reason: Port consecutively down (failures: 10)
[2026-03-29T01:29:51.931084] SERVICE_DOWN | Team: abcd | Service: TCP/8004 | Points Lost: 10 | Reason: Port consecutively down (failures: 10)
[2026-03-29T01:29:51.931116] SERVICE_DOWN | Team: abcd | Service: TCP/8005 | Points Lost: 10 | Reason: Port consecutively down (failures: 10)
[2026-03-29T01:29:53.423076] SERVICE_DOWN | Team: narendhar | Service: TCP/8000 | Points Lost: 10 | Reason: Port consecutively down (failures: 10)
[2026-03-29T01:29:53.423146] SERVICE_DOWN | Team: narendhar | Service: TCP/8001 | Points Lost: 10 | Reason: Port consecutively down (failures: 10)
[2026-03-29T01:29:53.423167] SERVICE_DOWN | Team: narendhar | Service: TCP/8002 | Points Lost: 10 | Reason: Port consecutively down (failures: 10)
[2026-03-29T01:29:53.423208] SERVICE_DOWN | Team: narendhar | Service: TCP/8003 | Points Lost: 10 | Reason: Port consecutively down (failures: 10)
[2026-03-29T01:29:53.423226] SERVICE_DOWN | Team: narendhar | Service: TCP/8004 | Points Lost: 10 | Reason: Port consecutively down (failures: 10)
[2026-03-29T01:29:53.423242] SERVICE_DOWN | Team: narendhar | Service: TCP/8005 | Points Lost: 10 | Reason: Port consecutively down (failures: 10)
[2026-03-29T01:29:53.433056] SERVICE_DOWN | Team: dharun | Service: TCP/8000 | Points Lost: 10 | Reason: Port consecutively down (failures: 10)
[2026-03-29T01:29:53.433173] SERVICE_DOWN | Team: dharun | Service: TCP/8001 | Points Lost: 10 | Reason: Port consecutively down (failures: 10)
[2026-03-29T01:29:53.433248] SERVICE_DOWN | Team: dharun | Service: TCP/8002 | Points Lost: 10 | Reason: Port consecutively down (failures: 10)
[2026-03-29T01:29:53.433313] SERVICE_DOWN | Team: dharun | Service: TCP/8003 | Points Lost: 10 | Reason: Port consecutively down (failures: 10)
[2026-03-29T01:29:53.433374] SERVICE_DOWN | Team: dharun | Service: TCP/8004 | Points Lost: 10 | Reason: Port consecutively down (failures: 10)
[2026-03-29T01:29:53.433434] SERVICE_DOWN | Team: dharun | Service: TCP/8005 | Points Lost: 10 | Reason: Port consecutively down (failures: 10)
[2026-03-29T01:30:01.922888] SERVICE_DOWN | Team: abcd | Service: TCP/8000 | Points Lost: 10 | Reason: Port consecutively down (failures: 11)
[2026-03-29T01:30:01.923917] SERVICE_DOWN | Team: abcd | Service: TCP/8001 | Points Lost: 10 | Reason: Port consecutively down (failures: 11)
[2026-03-29T01:30:01.925019] SERVICE_DOWN | Team: abcd | Service: TCP/8002 | Points Lost: 10 | Reason: Port consecutively down (failures: 11)
[2026-03-29T01:30:01.925632] SERVICE_DOWN | Team: abcd | Service: TCP/8003 | Points Lost: 10 | Reason: Port consecutively down (failures: 11)
[2026-03-29T01:30:01.927218] SERVICE_DOWN | Team: abcd | Service: TCP/8004 | Points Lost: 10 | Reason: Port consecutively down (failures: 11)
[2026-03-29T01:30:01.927294] SERVICE_DOWN | Team: abcd | Service: TCP/8005 | Points Lost: 10 | Reason: Port consecutively down (failures: 11)
[2026-03-29T01:30:03.426992] SERVICE_DOWN | Team: dharun | Service: TCP/8000 | Points Lost: 10 | Reason: Port consecutively down (failures: 11)
[2026-03-29T01:30:03.427052] SERVICE_DOWN | Team: dharun | Service: TCP/8001 | Points Lost: 10 | Reason: Port consecutively down (failures: 11)
[2026-03-29T01:30:03.427077] SERVICE_DOWN | Team: dharun | Service: TCP/8002 | Points Lost: 10 | Reason: Port consecutively down (failures: 11)
[2026-03-29T01:30:03.427098] SERVICE_DOWN | Team: dharun | Service: TCP/8003 | Points Lost: 10 | Reason: Port consecutively down (failures: 11)
[2026-03-29T01:30:03.427119] SERVICE_DOWN | Team: dharun | Service: TCP/8004 | Points Lost: 10 | Reason: Port consecutively down (failures: 11)
[2026-03-29T01:30:03.427139] SERVICE_DOWN | Team: dharun | Service: TCP/8005 | Points Lost: 10 | Reason: Port consecutively down (failures: 11)
[2026-03-29T01:30:03.428890] SERVICE_DOWN | Team: narendhar | Service: TCP/8000 | Points Lost: 10 | Reason: Port consecutively down (failures: 11)
[2026-03-29T01:30:03.428916] SERVICE_DOWN | Team: narendhar | Service: TCP/8001 | Points Lost: 10 | Reason: Port consecutively down (failures: 11)
[2026-03-29T01:30:03.428925] SERVICE_DOWN | Team: narendhar | Service: TCP/8002 | Points Lost: 10 | Reason: Port consecutively down (failures: 11)
[2026-03-29T01:30:03.428932] SERVICE_DOWN | Team: narendhar | Service: TCP/8003 | Points Lost: 10 | Reason: Port consecutively down (failures: 11)
[2026-03-29T01:30:03.428940] SERVICE_DOWN | Team: narendhar | Service: TCP/8004 | Points Lost: 10 | Reason: Port consecutively down (failures: 11)
[2026-03-29T01:30:03.428947] SERVICE_DOWN | Team: narendhar | Service: TCP/8005 | Points Lost: 10 | Reason: Port consecutively down (failures: 11)
[2026-03-29T01:30:11.928327] SERVICE_DOWN | Team: abcd | Service: TCP/8000 | Points Lost: 10 | Reason: Port consecutively down (failures: 12)
[2026-03-29T01:30:11.928819] SERVICE_DOWN | Team: abcd | Service: TCP/8001 | Points Lost: 10 | Reason: Port consecutively down (failures: 12)
[2026-03-29T01:30:11.929360] SERVICE_DOWN | Team: abcd | Service: TCP/8002 | Points Lost: 10 | Reason: Port consecutively down (failures: 12)
[2026-03-29T01:30:11.929965] SERVICE_DOWN | Team: abcd | Service: TCP/8003 | Points Lost: 10 | Reason: Port consecutively down (failures: 12)
[2026-03-29T01:30:11.930314] SERVICE_DOWN | Team: abcd | Service: TCP/8004 | Points Lost: 10 | Reason: Port consecutively down (failures: 12)
[2026-03-29T01:30:11.930493] SERVICE_DOWN | Team: abcd | Service: TCP/8005 | Points Lost: 10 | Reason: Port consecutively down (failures: 12)
[2026-03-29T01:30:13.428662] SERVICE_DOWN | Team: dharun | Service: TCP/8000 | Points Lost: 10 | Reason: Port consecutively down (failures: 12)
[2026-03-29T01:30:13.428762] SERVICE_DOWN | Team: dharun | Service: TCP/8001 | Points Lost: 10 | Reason: Port consecutively down (failures: 12)
[2026-03-29T01:30:13.428795] SERVICE_DOWN | Team: dharun | Service: TCP/8002 | Points Lost: 10 | Reason: Port consecutively down (failures: 12)
[2026-03-29T01:30:13.428821] SERVICE_DOWN | Team: dharun | Service: TCP/8003 | Points Lost: 10 | Reason: Port consecutively down (failures: 12)
[2026-03-29T01:30:13.428846] SERVICE_DOWN | Team: dharun | Service: TCP/8004 | Points Lost: 10 | Reason: Port consecutively down (failures: 12)
[2026-03-29T01:30:13.428871] SERVICE_DOWN | Team: dharun | Service: TCP/8005 | Points Lost: 10 | Reason: Port consecutively down (failures: 12)
[2026-03-29T01:30:13.430792] SERVICE_DOWN | Team: narendhar | Service: TCP/8000 | Points Lost: 10 | Reason: Port consecutively down (failures: 12)
[2026-03-29T01:30:13.430839] SERVICE_DOWN | Team: narendhar | Service: TCP/8001 | Points Lost: 10 | Reason: Port consecutively down (failures: 12)
[2026-03-29T01:30:13.430864] SERVICE_DOWN | Team: narendhar | Service: TCP/8002 | Points Lost: 10 | Reason: Port consecutively down (failures: 12)
[2026-03-29T01:30:13.430887] SERVICE_DOWN | Team: narendhar | Service: TCP/8003 | Points Lost: 10 | Reason: Port consecutively down (failures: 12)
[2026-03-29T01:30:13.430908] SERVICE_DOWN | Team: narendhar | Service: TCP/8004 | Points Lost: 10 | Reason: Port consecutively down (failures: 12)
[2026-03-29T01:30:13.430929] SERVICE_DOWN | Team: narendhar | Service: TCP/8005 | Points Lost: 10 | Reason: Port consecutively down (failures: 12)
[2026-03-29T01:30:21.928219] SERVICE_DOWN | Team: abcd | Service: TCP/8000 | Points Lost: 10 | Reason: Port consecutively down (failures: 13)
[2026-03-29T01:30:21.928308] SERVICE_DOWN | Team: abcd | Service: TCP/8001 | Points Lost: 10 | Reason: Port consecutively down (failures: 13)
[2026-03-29T01:30:21.928340] SERVICE_DOWN | Team: abcd | Service: TCP/8002 | Points Lost: 10 | Reason: Port consecutively down (failures: 13)
[2026-03-29T01:30:21.928363] SERVICE_DOWN | Team: abcd | Service: TCP/8003 | Points Lost: 10 | Reason: Port consecutively down (failures: 13)
[2026-03-29T01:30:21.928385] SERVICE_DOWN | Team: abcd | Service: TCP/8004 | Points Lost: 10 | Reason: Port consecutively down (failures: 13)
[2026-03-29T01:30:21.928407] SERVICE_DOWN | Team: abcd | Service: TCP/8005 | Points Lost: 10 | Reason: Port consecutively down (failures: 13)
[2026-03-29T01:30:23.427527] SERVICE_DOWN | Team: narendhar | Service: TCP/8000 | Points Lost: 10 | Reason: Port consecutively down (failures: 13)
[2026-03-29T01:30:23.427898] SERVICE_DOWN | Team: narendhar | Service: TCP/8001 | Points Lost: 10 | Reason: Port consecutively down (failures: 13)
[2026-03-29T01:30:23.428477] SERVICE_DOWN | Team: narendhar | Service: TCP/8002 | Points Lost: 10 | Reason: Port consecutively down (failures: 13)
[2026-03-29T01:30:23.428513] SERVICE_DOWN | Team: narendhar | Service: TCP/8003 | Points Lost: 10 | Reason: Port consecutively down (failures: 13)
[2026-03-29T01:30:23.428552] SERVICE_DOWN | Team: narendhar | Service: TCP/8004 | Points Lost: 10 | Reason: Port consecutively down (failures: 13)
[2026-03-29T01:30:23.428678] SERVICE_DOWN | Team: narendhar | Service: TCP/8005 | Points Lost: 10 | Reason: Port consecutively down (failures: 13)
[2026-03-29T01:30:23.429311] SERVICE_DOWN | Team: dharun | Service: TCP/8000 | Points Lost: 10 | Reason: Port consecutively down (failures: 13)
[2026-03-29T01:30:23.429429] SERVICE_DOWN | Team: dharun | Service: TCP/8001 | Points Lost: 10 | Reason: Port consecutively down (failures: 13)
[2026-03-29T01:30:23.429468] SERVICE_DOWN | Team: dharun | Service: TCP/8002 | Points Lost: 10 | Reason: Port consecutively down (failures: 13)
[2026-03-29T01:30:23.429498] SERVICE_DOWN | Team: dharun | Service: TCP/8003 | Points Lost: 10 | Reason: Port consecutively down (failures: 13)
[2026-03-29T01:30:23.429526] SERVICE_DOWN | Team: dharun | Service: TCP/8004 | Points Lost: 10 | Reason: Port consecutively down (failures: 13)
[2026-03-29T01:30:23.429565] SERVICE_DOWN | Team: dharun | Service: TCP/8005 | Points Lost: 10 | Reason: Port consecutively down (failures: 13)
[2026-03-29T01:30:31.925935] SERVICE_DOWN | Team: abcd | Service: TCP/8000 | Points Lost: 10 | Reason: Port consecutively down (failures: 14)
[2026-03-29T01:30:31.926967] SERVICE_DOWN | Team: abcd | Service: TCP/8001 | Points Lost: 10 | Reason: Port consecutively down (failures: 14)
[2026-03-29T01:30:31.927849] SERVICE_DOWN | Team: abcd | Service: TCP/8002 | Points Lost: 10 | Reason: Port consecutively down (failures: 14)
[2026-03-29T01:30:31.927975] SERVICE_DOWN | Team: abcd | Service: TCP/8003 | Points Lost: 10 | Reason: Port consecutively down (failures: 14)
[2026-03-29T01:30:31.928046] SERVICE_DOWN | Team: abcd | Service: TCP/8004 | Points Lost: 10 | Reason: Port consecutively down (failures: 14)
[2026-03-29T01:30:31.928153] SERVICE_DOWN | Team: abcd | Service: TCP/8005 | Points Lost: 10 | Reason: Port consecutively down (failures: 14)
[2026-03-29T01:30:33.423753] SERVICE_DOWN | Team: narendhar | Service: TCP/8000 | Points Lost: 10 | Reason: Port consecutively down (failures: 14)
[2026-03-29T01:30:33.423861] SERVICE_DOWN | Team: narendhar | Service: TCP/8001 | Points Lost: 10 | Reason: Port consecutively down (failures: 14)
[2026-03-29T01:30:33.423893] SERVICE_DOWN | Team: narendhar | Service: TCP/8002 | Points Lost: 10 | Reason: Port consecutively down (failures: 14)
[2026-03-29T01:30:33.423919] SERVICE_DOWN | Team: narendhar | Service: TCP/8003 | Points Lost: 10 | Reason: Port consecutively down (failures: 14)
[2026-03-29T01:30:33.423961] SERVICE_DOWN | Team: narendhar | Service: TCP/8004 | Points Lost: 10 | Reason: Port consecutively down (failures: 14)
[2026-03-29T01:30:33.423987] SERVICE_DOWN | Team: narendhar | Service: TCP/8005 | Points Lost: 10 | Reason: Port consecutively down (failures: 14)
[2026-03-29T01:30:33.429883] SERVICE_DOWN | Team: dharun | Service: TCP/8000 | Points Lost: 10 | Reason: Port consecutively down (failures: 14)
[2026-03-29T01:30:33.429977] SERVICE_DOWN | Team: dharun | Service: TCP/8001 | Points Lost: 10 | Reason: Port consecutively down (failures: 14)
[2026-03-29T01:30:33.430007] SERVICE_DOWN | Team: dharun | Service: TCP/8002 | Points Lost: 10 | Reason: Port consecutively down (failures: 14)
[2026-03-29T01:30:33.430033] SERVICE_DOWN | Team: dharun | Service: TCP/8003 | Points Lost: 10 | Reason: Port consecutively down (failures: 14)
[2026-03-29T01:30:33.430056] SERVICE_DOWN | Team: dharun | Service: TCP/8004 | Points Lost: 10 | Reason: Port consecutively down (failures: 14)
[2026-03-29T01:30:33.430079] SERVICE_DOWN | Team: dharun | Service: TCP/8005 | Points Lost: 10 | Reason: Port consecutively down (failures: 14)
[2026-03-29T01:30:41.927307] SERVICE_DOWN | Team: abcd | Service: TCP/8000 | Points Lost: 10 | Reason: Port consecutively down (failures: 15)
[2026-03-29T01:30:41.927545] SERVICE_DOWN | Team: abcd | Service: TCP/8001 | Points Lost: 10 | Reason: Port consecutively down (failures: 15)
[2026-03-29T01:30:41.927601] SERVICE_DOWN | Team: abcd | Service: TCP/8002 | Points Lost: 10 | Reason: Port consecutively down (failures: 15)
[2026-03-29T01:30:41.927615] SERVICE_DOWN | Team: abcd | Service: TCP/8003 | Points Lost: 10 | Reason: Port consecutively down (failures: 15)
[2026-03-29T01:30:41.927632] SERVICE_DOWN | Team: abcd | Service: TCP/8004 | Points Lost: 10 | Reason: Port consecutively down (failures: 15)
[2026-03-29T01:30:41.927663] SERVICE_DOWN | Team: abcd | Service: TCP/8005 | Points Lost: 10 | Reason: Port consecutively down (failures: 15)
[2026-03-29T01:30:43.429148] SERVICE_DOWN | Team: dharun | Service: TCP/8000 | Points Lost: 10 | Reason: Port consecutively down (failures: 15)
[2026-03-29T01:30:43.429437] SERVICE_DOWN | Team: dharun | Service: TCP/8001 | Points Lost: 10 | Reason: Port consecutively down (failures: 15)
[2026-03-29T01:30:43.429523] SERVICE_DOWN | Team: dharun | Service: TCP/8002 | Points Lost: 10 | Reason: Port consecutively down (failures: 15)
[2026-03-29T01:30:43.429777] SERVICE_DOWN | Team: dharun | Service: TCP/8003 | Points Lost: 10 | Reason: Port consecutively down (failures: 15)
[2026-03-29T01:30:43.430066] SERVICE_DOWN | Team: dharun | Service: TCP/8004 | Points Lost: 10 | Reason: Port consecutively down (failures: 15)
[2026-03-29T01:30:43.430443] SERVICE_DOWN | Team: dharun | Service: TCP/8005 | Points Lost: 10 | Reason: Port consecutively down (failures: 15)
[2026-03-29T01:30:43.430738] SERVICE_DOWN | Team: narendhar | Service: TCP/8000 | Points Lost: 10 | Reason: Port consecutively down (failures: 15)
[2026-03-29T01:30:43.430946] SERVICE_DOWN | Team: narendhar | Service: TCP/8001 | Points Lost: 10 | Reason: Port consecutively down (failures: 15)
[2026-03-29T01:30:43.431018] SERVICE_DOWN | Team: narendhar | Service: TCP/8002 | Points Lost: 10 | Reason: Port consecutively down (failures: 15)
[2026-03-29T01:30:43.431079] SERVICE_DOWN | Team: narendhar | Service: TCP/8003 | Points Lost: 10 | Reason: Port consecutively down (failures: 15)
[2026-03-29T01:30:43.431135] SERVICE_DOWN | Team: narendhar | Service: TCP/8004 | Points Lost: 10 | Reason: Port consecutively down (failures: 15)
[2026-03-29T01:30:43.431190] SERVICE_DOWN | Team: narendhar | Service: TCP/8005 | Points Lost: 10 | Reason: Port consecutively down (failures: 15)
[2026-03-29T01:30:51.927302] SERVICE_DOWN | Team: abcd | Service: TCP/8000 | Points Lost: 10 | Reason: Port consecutively down (failures: 16)
[2026-03-29T01:30:51.928206] SERVICE_DOWN | Team: abcd | Service: TCP/8001 | Points Lost: 10 | Reason: Port consecutively down (failures: 16)
[2026-03-29T01:30:51.928889] SERVICE_DOWN | Team: abcd | Service: TCP/8002 | Points Lost: 10 | Reason: Port consecutively down (failures: 16)
[2026-03-29T01:30:51.929307] SERVICE_DOWN | Team: abcd | Service: TCP/8003 | Points Lost: 10 | Reason: Port consecutively down (failures: 16)
[2026-03-29T01:30:51.929375] SERVICE_DOWN | Team: abcd | Service: TCP/8004 | Points Lost: 10 | Reason: Port consecutively down (failures: 16)
[2026-03-29T01:30:51.929406] SERVICE_DOWN | Team: abcd | Service: TCP/8005 | Points Lost: 10 | Reason: Port consecutively down (failures: 16)
[2026-03-29T01:30:53.428983] SERVICE_DOWN | Team: narendhar | Service: TCP/8000 | Points Lost: 10 | Reason: Port consecutively down (failures: 16)
[2026-03-29T01:30:53.429023] SERVICE_DOWN | Team: narendhar | Service: TCP/8001 | Points Lost: 10 | Reason: Port consecutively down (failures: 16)
[2026-03-29T01:30:53.429032] SERVICE_DOWN | Team: narendhar | Service: TCP/8002 | Points Lost: 10 | Reason: Port consecutively down (failures: 16)
[2026-03-29T01:30:53.429040] SERVICE_DOWN | Team: narendhar | Service: TCP/8003 | Points Lost: 10 | Reason: Port consecutively down (failures: 16)
[2026-03-29T01:30:53.429047] SERVICE_DOWN | Team: narendhar | Service: TCP/8004 | Points Lost: 10 | Reason: Port consecutively down (failures: 16)
[2026-03-29T01:30:53.429055] SERVICE_DOWN | Team: narendhar | Service: TCP/8005 | Points Lost: 10 | Reason: Port consecutively down (failures: 16)
[2026-03-29T01:30:53.430737] SERVICE_DOWN | Team: dharun | Service: TCP/8000 | Points Lost: 10 | Reason: Port consecutively down (failures: 16)
[2026-03-29T01:30:53.430769] SERVICE_DOWN | Team: dharun | Service: TCP/8001 | Points Lost: 10 | Reason: Port consecutively down (failures: 16)
[2026-03-29T01:30:53.430780] SERVICE_DOWN | Team: dharun | Service: TCP/8002 | Points Lost: 10 | Reason: Port consecutively down (failures: 16)
[2026-03-29T01:30:53.430789] SERVICE_DOWN | Team: dharun | Service: TCP/8003 | Points Lost: 10 | Reason: Port consecutively down (failures: 16)
[2026-03-29T01:30:53.430797] SERVICE_DOWN | Team: dharun | Service: TCP/8004 | Points Lost: 10 | Reason: Port consecutively down (failures: 16)
[2026-03-29T01:30:53.430804] SERVICE_DOWN | Team: dharun | Service: TCP/8005 | Points Lost: 10 | Reason: Port consecutively down (failures: 16)
[2026-03-29T01:31:01.919339] SERVICE_DOWN | Team: abcd | Service: TCP/8000 | Points Lost: 10 | Reason: Port consecutively down (failures: 17)
[2026-03-29T01:31:01.919389] SERVICE_DOWN | Team: abcd | Service: TCP/8001 | Points Lost: 10 | Reason: Port consecutively down (failures: 17)
[2026-03-29T01:31:01.919417] SERVICE_DOWN | Team: abcd | Service: TCP/8002 | Points Lost: 10 | Reason: Port consecutively down (failures: 17)
[2026-03-29T01:31:01.919441] SERVICE_DOWN | Team: abcd | Service: TCP/8003 | Points Lost: 10 | Reason: Port consecutively down (failures: 17)
[2026-03-29T01:31:01.919474] SERVICE_DOWN | Team: abcd | Service: TCP/8004 | Points Lost: 10 | Reason: Port consecutively down (failures: 17)
[2026-03-29T01:31:01.919498] SERVICE_DOWN | Team: abcd | Service: TCP/8005 | Points Lost: 10 | Reason: Port consecutively down (failures: 17)
[2026-03-29T01:31:03.419915] SERVICE_DOWN | Team: narendhar | Service: TCP/8000 | Points Lost: 10 | Reason: Port consecutively down (failures: 17)
[2026-03-29T01:31:03.420066] SERVICE_DOWN | Team: narendhar | Service: TCP/8001 | Points Lost: 10 | Reason: Port consecutively down (failures: 17)
[2026-03-29T01:31:03.420098] SERVICE_DOWN | Team: dharun | Service: TCP/8000 | Points Lost: 10 | Reason: Port consecutively down (failures: 17)
[2026-03-29T01:31:03.420151] SERVICE_DOWN | Team: dharun | Service: TCP/8001 | Points Lost: 10 | Reason: Port consecutively down (failures: 17)
[2026-03-29T01:31:03.420166] SERVICE_DOWN | Team: narendhar | Service: TCP/8002 | Points Lost: 10 | Reason: Port consecutively down (failures: 17)
[2026-03-29T01:31:03.420185] SERVICE_DOWN | Team: dharun | Service: TCP/8002 | Points Lost: 10 | Reason: Port consecutively down (failures: 17)
[2026-03-29T01:31:03.420215] SERVICE_DOWN | Team: dharun | Service: TCP/8003 | Points Lost: 10 | Reason: Port consecutively down (failures: 17)
[2026-03-29T01:31:03.420227] SERVICE_DOWN | Team: narendhar | Service: TCP/8003 | Points Lost: 10 | Reason: Port consecutively down (failures: 17)
[2026-03-29T01:31:03.420255] SERVICE_DOWN | Team: dharun | Service: TCP/8004 | Points Lost: 10 | Reason: Port consecutively down (failures: 17)
[2026-03-29T01:31:03.420274] SERVICE_DOWN | Team: dharun | Service: TCP/8005 | Points Lost: 10 | Reason: Port consecutively down (failures: 17)
[2026-03-29T01:31:03.420285] SERVICE_DOWN | Team: narendhar | Service: TCP/8004 | Points Lost: 10 | Reason: Port consecutively down (failures: 17)
[2026-03-29T01:31:03.420323] SERVICE_DOWN | Team: narendhar | Service: TCP/8005 | Points Lost: 10 | Reason: Port consecutively down (failures: 17)
[2026-03-29T01:31:11.928333] SERVICE_DOWN | Team: abcd | Service: TCP/8000 | Points Lost: 10 | Reason: Port consecutively down (failures: 18)
[2026-03-29T01:31:11.928454] SERVICE_DOWN | Team: abcd | Service: TCP/8001 | Points Lost: 10 | Reason: Port consecutively down (failures: 18)
[2026-03-29T01:31:11.928522] SERVICE_DOWN | Team: abcd | Service: TCP/8002 | Points Lost: 10 | Reason: Port consecutively down (failures: 18)
[2026-03-29T01:31:11.928603] SERVICE_DOWN | Team: abcd | Service: TCP/8003 | Points Lost: 10 | Reason: Port consecutively down (failures: 18)
[2026-03-29T01:31:11.928661] SERVICE_DOWN | Team: abcd | Service: TCP/8004 | Points Lost: 10 | Reason: Port consecutively down (failures: 18)
[2026-03-29T01:31:11.928716] SERVICE_DOWN | Team: abcd | Service: TCP/8005 | Points Lost: 10 | Reason: Port consecutively down (failures: 18)
[2026-03-29T01:31:13.429523] SERVICE_DOWN | Team: narendhar | Service: TCP/8000 | Points Lost: 10 | Reason: Port consecutively down (failures: 18)
[2026-03-29T01:31:13.430009] SERVICE_DOWN | Team: narendhar | Service: TCP/8001 | Points Lost: 10 | Reason: Port consecutively down (failures: 18)
[2026-03-29T01:31:13.430161] SERVICE_DOWN | Team: dharun | Service: TCP/8000 | Points Lost: 10 | Reason: Port consecutively down (failures: 18)
[2026-03-29T01:31:13.430257] SERVICE_DOWN | Team: narendhar | Service: TCP/8002 | Points Lost: 10 | Reason: Port consecutively down (failures: 18)
[2026-03-29T01:31:13.430378] SERVICE_DOWN | Team: narendhar | Service: TCP/8003 | Points Lost: 10 | Reason: Port consecutively down (failures: 18)
[2026-03-29T01:31:13.430461] SERVICE_DOWN | Team: narendhar | Service: TCP/8004 | Points Lost: 10 | Reason: Port consecutively down (failures: 18)
[2026-03-29T01:31:13.430534] SERVICE_DOWN | Team: dharun | Service: TCP/8001 | Points Lost: 10 | Reason: Port consecutively down (failures: 18)
[2026-03-29T01:31:13.430621] SERVICE_DOWN | Team: narendhar | Service: TCP/8005 | Points Lost: 10 | Reason: Port consecutively down (failures: 18)
[2026-03-29T01:31:13.430710] SERVICE_DOWN | Team: dharun | Service: TCP/8002 | Points Lost: 10 | Reason: Port consecutively down (failures: 18)
[2026-03-29T01:31:13.430755] SERVICE_DOWN | Team: dharun | Service: TCP/8003 | Points Lost: 10 | Reason: Port consecutively down (failures: 18)
[2026-03-29T01:31:13.430791] SERVICE_DOWN | Team: dharun | Service: TCP/8004 | Points Lost: 10 | Reason: Port consecutively down (failures: 18)
[2026-03-29T01:31:13.430823] SERVICE_DOWN | Team: dharun | Service: TCP/8005 | Points Lost: 10 | Reason: Port consecutively down (failures: 18)
[2026-03-29T01:31:21.927762] SERVICE_DOWN | Team: abcd | Service: TCP/8000 | Points Lost: 10 | Reason: Port consecutively down (failures: 19)
[2026-03-29T01:31:21.928416] SERVICE_DOWN | Team: abcd | Service: TCP/8001 | Points Lost: 10 | Reason: Port consecutively down (failures: 19)
[2026-03-29T01:31:21.928518] SERVICE_DOWN | Team: abcd | Service: TCP/8002 | Points Lost: 10 | Reason: Port consecutively down (failures: 19)
[2026-03-29T01:31:21.928561] SERVICE_DOWN | Team: abcd | Service: TCP/8003 | Points Lost: 10 | Reason: Port consecutively down (failures: 19)
[2026-03-29T01:31:21.928587] SERVICE_DOWN | Team: abcd | Service: TCP/8004 | Points Lost: 10 | Reason: Port consecutively down (failures: 19)
[2026-03-29T01:31:21.928628] SERVICE_DOWN | Team: abcd | Service: TCP/8005 | Points Lost: 10 | Reason: Port consecutively down (failures: 19)
[2026-03-29T01:31:23.429026] SERVICE_DOWN | Team: narendhar | Service: TCP/8000 | Points Lost: 10 | Reason: Port consecutively down (failures: 19)
[2026-03-29T01:31:23.429315] SERVICE_DOWN | Team: narendhar | Service: TCP/8001 | Points Lost: 10 | Reason: Port consecutively down (failures: 19)
[2026-03-29T01:31:23.429409] SERVICE_DOWN | Team: narendhar | Service: TCP/8002 | Points Lost: 10 | Reason: Port consecutively down (failures: 19)
[2026-03-29T01:31:23.429443] SERVICE_DOWN | Team: narendhar | Service: TCP/8003 | Points Lost: 10 | Reason: Port consecutively down (failures: 19)
[2026-03-29T01:31:23.429470] SERVICE_DOWN | Team: narendhar | Service: TCP/8004 | Points Lost: 10 | Reason: Port consecutively down (failures: 19)
[2026-03-29T01:31:23.429500] SERVICE_DOWN | Team: narendhar | Service: TCP/8005 | Points Lost: 10 | Reason: Port consecutively down (failures: 19)
[2026-03-29T01:31:23.430617] SERVICE_DOWN | Team: dharun | Service: TCP/8000 | Points Lost: 10 | Reason: Port consecutively down (failures: 19)
[2026-03-29T01:31:23.430777] SERVICE_DOWN | Team: dharun | Service: TCP/8001 | Points Lost: 10 | Reason: Port consecutively down (failures: 19)
[2026-03-29T01:31:23.430852] SERVICE_DOWN | Team: dharun | Service: TCP/8002 | Points Lost: 10 | Reason: Port consecutively down (failures: 19)
[2026-03-29T01:31:23.430914] SERVICE_DOWN | Team: dharun | Service: TCP/8003 | Points Lost: 10 | Reason: Port consecutively down (failures: 19)
[2026-03-29T01:31:23.430971] SERVICE_DOWN | Team: dharun | Service: TCP/8004 | Points Lost: 10 | Reason: Port consecutively down (failures: 19)
[2026-03-29T01:31:23.431029] SERVICE_DOWN | Team: dharun | Service: TCP/8005 | Points Lost: 10 | Reason: Port consecutively down (failures: 19)
[2026-03-29T01:31:31.929562] SERVICE_DOWN | Team: abcd | Service: TCP/8000 | Points Lost: 10 | Reason: Port consecutively down (failures: 20)
[2026-03-29T01:31:31.930097] SERVICE_DOWN | Team: abcd | Service: TCP/8001 | Points Lost: 10 | Reason: Port consecutively down (failures: 20)
[2026-03-29T01:31:31.930387] SERVICE_DOWN | Team: abcd | Service: TCP/8002 | Points Lost: 10 | Reason: Port consecutively down (failures: 20)
[2026-03-29T01:31:31.930428] SERVICE_DOWN | Team: abcd | Service: TCP/8003 | Points Lost: 10 | Reason: Port consecutively down (failures: 20)
[2026-03-29T01:31:31.930450] SERVICE_DOWN | Team: abcd | Service: TCP/8004 | Points Lost: 10 | Reason: Port consecutively down (failures: 20)
[2026-03-29T01:31:31.930471] SERVICE_DOWN | Team: abcd | Service: TCP/8005 | Points Lost: 10 | Reason: Port consecutively down (failures: 20)
[2026-03-29T01:31:33.429960] SERVICE_DOWN | Team: dharun | Service: TCP/8000 | Points Lost: 10 | Reason: Port consecutively down (failures: 20)
[2026-03-29T01:31:33.430174] SERVICE_DOWN | Team: dharun | Service: TCP/8001 | Points Lost: 10 | Reason: Port consecutively down (failures: 20)
[2026-03-29T01:31:33.430293] SERVICE_DOWN | Team: dharun | Service: TCP/8002 | Points Lost: 10 | Reason: Port consecutively down (failures: 20)
[2026-03-29T01:31:33.430399] SERVICE_DOWN | Team: dharun | Service: TCP/8003 | Points Lost: 10 | Reason: Port consecutively down (failures: 20)
[2026-03-29T01:31:33.430505] SERVICE_DOWN | Team: dharun | Service: TCP/8004 | Points Lost: 10 | Reason: Port consecutively down (failures: 20)
[2026-03-29T01:31:33.431573] SERVICE_DOWN | Team: dharun | Service: TCP/8005 | Points Lost: 10 | Reason: Port consecutively down (failures: 20)
[2026-03-29T01:31:33.433321] SERVICE_DOWN | Team: narendhar | Service: TCP/8000 | Points Lost: 10 | Reason: Port consecutively down (failures: 20)
[2026-03-29T01:31:33.433472] SERVICE_DOWN | Team: narendhar | Service: TCP/8001 | Points Lost: 10 | Reason: Port consecutively down (failures: 20)
[2026-03-29T01:31:33.433520] SERVICE_DOWN | Team: narendhar | Service: TCP/8002 | Points Lost: 10 | Reason: Port consecutively down (failures: 20)
[2026-03-29T01:31:33.433997] SERVICE_DOWN | Team: narendhar | Service: TCP/8003 | Points Lost: 10 | Reason: Port consecutively down (failures: 20)
[2026-03-29T01:31:33.434144] SERVICE_DOWN | Team: narendhar | Service: TCP/8004 | Points Lost: 10 | Reason: Port consecutively down (failures: 20)
[2026-03-29T01:31:33.434198] SERVICE_DOWN | Team: narendhar | Service: TCP/8005 | Points Lost: 10 | Reason: Port consecutively down (failures: 20)
[2026-03-29T01:31:41.928361] SERVICE_DOWN | Team: abcd | Service: TCP/8000 | Points Lost: 10 | Reason: Port consecutively down (failures: 21)
[2026-03-29T01:31:41.928510] SERVICE_DOWN | Team: abcd | Service: TCP/8001 | Points Lost: 10 | Reason: Port consecutively down (failures: 21)
[2026-03-29T01:31:41.928598] SERVICE_DOWN | Team: abcd | Service: TCP/8002 | Points Lost: 10 | Reason: Port consecutively down (failures: 21)
[2026-03-29T01:31:41.928656] SERVICE_DOWN | Team: abcd | Service: TCP/8003 | Points Lost: 10 | Reason: Port consecutively down (failures: 21)
[2026-03-29T01:31:41.928780] SERVICE_DOWN | Team: abcd | Service: TCP/8004 | Points Lost: 10 | Reason: Port consecutively down (failures: 21)
[2026-03-29T01:31:41.928851] SERVICE_DOWN | Team: abcd | Service: TCP/8005 | Points Lost: 10 | Reason: Port consecutively down (failures: 21)
[2026-03-29T01:31:43.427440] SERVICE_DOWN | Team: narendhar | Service: TCP/8000 | Points Lost: 10 | Reason: Port consecutively down (failures: 21)
[2026-03-29T01:31:43.428054] SERVICE_DOWN | Team: narendhar | Service: TCP/8001 | Points Lost: 10 | Reason: Port consecutively down (failures: 21)
[2026-03-29T01:31:43.428366] SERVICE_DOWN | Team: narendhar | Service: TCP/8002 | Points Lost: 10 | Reason: Port consecutively down (failures: 21)
[2026-03-29T01:31:43.428421] SERVICE_DOWN | Team: narendhar | Service: TCP/8003 | Points Lost: 10 | Reason: Port consecutively down (failures: 21)
[2026-03-29T01:31:43.428461] SERVICE_DOWN | Team: narendhar | Service: TCP/8004 | Points Lost: 10 | Reason: Port consecutively down (failures: 21)
[2026-03-29T01:31:43.428495] SERVICE_DOWN | Team: narendhar | Service: TCP/8005 | Points Lost: 10 | Reason: Port consecutively down (failures: 21)
[2026-03-29T01:31:43.430037] SERVICE_DOWN | Team: dharun | Service: TCP/8000 | Points Lost: 10 | Reason: Port consecutively down (failures: 21)
[2026-03-29T01:31:43.430171] SERVICE_DOWN | Team: dharun | Service: TCP/8001 | Points Lost: 10 | Reason: Port consecutively down (failures: 21)
[2026-03-29T01:31:43.430244] SERVICE_DOWN | Team: dharun | Service: TCP/8002 | Points Lost: 10 | Reason: Port consecutively down (failures: 21)
[2026-03-29T01:31:43.430309] SERVICE_DOWN | Team: dharun | Service: TCP/8003 | Points Lost: 10 | Reason: Port consecutively down (failures: 21)
[2026-03-29T01:31:43.430372] SERVICE_DOWN | Team: dharun | Service: TCP/8004 | Points Lost: 10 | Reason: Port consecutively down (failures: 21)
[2026-03-29T01:31:43.430432] SERVICE_DOWN | Team: dharun | Service: TCP/8005 | Points Lost: 10 | Reason: Port consecutively down (failures: 21)
[2026-03-29T01:31:51.928807] SERVICE_DOWN | Team: abcd | Service: TCP/8000 | Points Lost: 10 | Reason: Port consecutively down (failures: 22)
[2026-03-29T01:31:51.929269] SERVICE_DOWN | Team: abcd | Service: TCP/8001 | Points Lost: 10 | Reason: Port consecutively down (failures: 22)
[2026-03-29T01:31:51.929580] SERVICE_DOWN | Team: abcd | Service: TCP/8002 | Points Lost: 10 | Reason: Port consecutively down (failures: 22)
[2026-03-29T01:31:51.929615] SERVICE_DOWN | Team: abcd | Service: TCP/8003 | Points Lost: 10 | Reason: Port consecutively down (failures: 22)
[2026-03-29T01:31:51.929639] SERVICE_DOWN | Team: abcd | Service: TCP/8004 | Points Lost: 10 | Reason: Port consecutively down (failures: 22)
[2026-03-29T01:31:51.929665] SERVICE_DOWN | Team: abcd | Service: TCP/8005 | Points Lost: 10 | Reason: Port consecutively down (failures: 22)
[2026-03-29T01:31:53.428984] SERVICE_DOWN | Team: dharun | Service: TCP/8000 | Points Lost: 10 | Reason: Port consecutively down (failures: 22)
[2026-03-29T01:31:53.429112] SERVICE_DOWN | Team: dharun | Service: TCP/8001 | Points Lost: 10 | Reason: Port consecutively down (failures: 22)
[2026-03-29T01:31:53.429174] SERVICE_DOWN | Team: dharun | Service: TCP/8002 | Points Lost: 10 | Reason: Port consecutively down (failures: 22)
[2026-03-29T01:31:53.429204] SERVICE_DOWN | Team: dharun | Service: TCP/8003 | Points Lost: 10 | Reason: Port consecutively down (failures: 22)
[2026-03-29T01:31:53.429233] SERVICE_DOWN | Team: dharun | Service: TCP/8004 | Points Lost: 10 | Reason: Port consecutively down (failures: 22)
[2026-03-29T01:31:53.429263] SERVICE_DOWN | Team: dharun | Service: TCP/8005 | Points Lost: 10 | Reason: Port consecutively down (failures: 22)
[2026-03-29T01:31:53.431735] SERVICE_DOWN | Team: narendhar | Service: TCP/8000 | Points Lost: 10 | Reason: Port consecutively down (failures: 22)
[2026-03-29T01:31:53.431882] SERVICE_DOWN | Team: narendhar | Service: TCP/8001 | Points Lost: 10 | Reason: Port consecutively down (failures: 22)
[2026-03-29T01:31:53.431963] SERVICE_DOWN | Team: narendhar | Service: TCP/8002 | Points Lost: 10 | Reason: Port consecutively down (failures: 22)
[2026-03-29T01:31:53.432034] SERVICE_DOWN | Team: narendhar | Service: TCP/8003 | Points Lost: 10 | Reason: Port consecutively down (failures: 22)
[2026-03-29T01:31:53.432100] SERVICE_DOWN | Team: narendhar | Service: TCP/8004 | Points Lost: 10 | Reason: Port consecutively down (failures: 22)
[2026-03-29T01:31:53.432165] SERVICE_DOWN | Team: narendhar | Service: TCP/8005 | Points Lost: 10 | Reason: Port consecutively down (failures: 22)
[2026-03-29T01:32:01.926369] SERVICE_DOWN | Team: abcd | Service: TCP/8000 | Points Lost: 10 | Reason: Port consecutively down (failures: 23)
[2026-03-29T01:32:01.926989] SERVICE_DOWN | Team: abcd | Service: TCP/8001 | Points Lost: 10 | Reason: Port consecutively down (failures: 23)
[2026-03-29T01:32:01.927062] SERVICE_DOWN | Team: abcd | Service: TCP/8002 | Points Lost: 10 | Reason: Port consecutively down (failures: 23)
[2026-03-29T01:32:01.927114] SERVICE_DOWN | Team: abcd | Service: TCP/8003 | Points Lost: 10 | Reason: Port consecutively down (failures: 23)
[2026-03-29T01:32:01.927236] SERVICE_DOWN | Team: abcd | Service: TCP/8004 | Points Lost: 10 | Reason: Port consecutively down (failures: 23)
[2026-03-29T01:32:01.927314] SERVICE_DOWN | Team: abcd | Service: TCP/8005 | Points Lost: 10 | Reason: Port consecutively down (failures: 23)
[2026-03-29T01:32:03.427206] SERVICE_DOWN | Team: dharun | Service: TCP/8000 | Points Lost: 10 | Reason: Port consecutively down (failures: 23)
[2026-03-29T01:32:03.427300] SERVICE_DOWN | Team: dharun | Service: TCP/8001 | Points Lost: 10 | Reason: Port consecutively down (failures: 23)
[2026-03-29T01:32:03.427331] SERVICE_DOWN | Team: dharun | Service: TCP/8002 | Points Lost: 10 | Reason: Port consecutively down (failures: 23)
[2026-03-29T01:32:03.427361] SERVICE_DOWN | Team: dharun | Service: TCP/8003 | Points Lost: 10 | Reason: Port consecutively down (failures: 23)
[2026-03-29T01:32:03.427392] SERVICE_DOWN | Team: dharun | Service: TCP/8004 | Points Lost: 10 | Reason: Port consecutively down (failures: 23)
[2026-03-29T01:32:03.427423] SERVICE_DOWN | Team: dharun | Service: TCP/8005 | Points Lost: 10 | Reason: Port consecutively down (failures: 23)
[2026-03-29T01:32:03.429325] SERVICE_DOWN | Team: narendhar | Service: TCP/8000 | Points Lost: 10 | Reason: Port consecutively down (failures: 23)
[2026-03-29T01:32:03.429427] SERVICE_DOWN | Team: narendhar | Service: TCP/8001 | Points Lost: 10 | Reason: Port consecutively down (failures: 23)
[2026-03-29T01:32:03.429489] SERVICE_DOWN | Team: narendhar | Service: TCP/8002 | Points Lost: 10 | Reason: Port consecutively down (failures: 23)
[2026-03-29T01:32:03.429559] SERVICE_DOWN | Team: narendhar | Service: TCP/8003 | Points Lost: 10 | Reason: Port consecutively down (failures: 23)
[2026-03-29T01:32:03.429615] SERVICE_DOWN | Team: narendhar | Service: TCP/8004 | Points Lost: 10 | Reason: Port consecutively down (failures: 23)
[2026-03-29T01:32:03.429670] SERVICE_DOWN | Team: narendhar | Service: TCP/8005 | Points Lost: 10 | Reason: Port consecutively down (failures: 23)
[2026-03-29T01:32:11.930298] SERVICE_DOWN | Team: abcd | Service: TCP/8000 | Points Lost: 10 | Reason: Port consecutively down (failures: 24)
[2026-03-29T01:32:11.930445] SERVICE_DOWN | Team: abcd | Service: TCP/8001 | Points Lost: 10 | Reason: Port consecutively down (failures: 24)
[2026-03-29T01:32:11.930527] SERVICE_DOWN | Team: abcd | Service: TCP/8002 | Points Lost: 10 | Reason: Port consecutively down (failures: 24)
[2026-03-29T01:32:11.930764] SERVICE_DOWN | Team: abcd | Service: TCP/8003 | Points Lost: 10 | Reason: Port consecutively down (failures: 24)
[2026-03-29T01:32:11.930845] SERVICE_DOWN | Team: abcd | Service: TCP/8004 | Points Lost: 10 | Reason: Port consecutively down (failures: 24)
[2026-03-29T01:32:11.930874] SERVICE_DOWN | Team: abcd | Service: TCP/8005 | Points Lost: 10 | Reason: Port consecutively down (failures: 24)
[2026-03-29T01:32:13.428908] SERVICE_DOWN | Team: narendhar | Service: TCP/8000 | Points Lost: 10 | Reason: Port consecutively down (failures: 24)
[2026-03-29T01:32:13.429029] SERVICE_DOWN | Team: narendhar | Service: TCP/8001 | Points Lost: 10 | Reason: Port consecutively down (failures: 24)
[2026-03-29T01:32:13.429091] SERVICE_DOWN | Team: narendhar | Service: TCP/8002 | Points Lost: 10 | Reason: Port consecutively down (failures: 24)
[2026-03-29T01:32:13.429153] SERVICE_DOWN | Team: narendhar | Service: TCP/8003 | Points Lost: 10 | Reason: Port consecutively down (failures: 24)
[2026-03-29T01:32:13.429205] SERVICE_DOWN | Team: narendhar | Service: TCP/8004 | Points Lost: 10 | Reason: Port consecutively down (failures: 24)
[2026-03-29T01:32:13.429255] SERVICE_DOWN | Team: narendhar | Service: TCP/8005 | Points Lost: 10 | Reason: Port consecutively down (failures: 24)
[2026-03-29T01:32:13.431614] SERVICE_DOWN | Team: dharun | Service: TCP/8000 | Points Lost: 10 | Reason: Port consecutively down (failures: 24)
[2026-03-29T01:32:13.431782] SERVICE_DOWN | Team: dharun | Service: TCP/8001 | Points Lost: 10 | Reason: Port consecutively down (failures: 24)
[2026-03-29T01:32:13.431809] SERVICE_DOWN | Team: dharun | Service: TCP/8002 | Points Lost: 10 | Reason: Port consecutively down (failures: 24)
[2026-03-29T01:32:13.431829] SERVICE_DOWN | Team: dharun | Service: TCP/8003 | Points Lost: 10 | Reason: Port consecutively down (failures: 24)
[2026-03-29T01:32:13.431849] SERVICE_DOWN | Team: dharun | Service: TCP/8004 | Points Lost: 10 | Reason: Port consecutively down (failures: 24)
[2026-03-29T01:32:13.431869] SERVICE_DOWN | Team: dharun | Service: TCP/8005 | Points Lost: 10 | Reason: Port consecutively down (failures: 24)
[2026-03-29T01:32:21.921657] SERVICE_DOWN | Team: abcd | Service: TCP/8000 | Points Lost: 10 | Reason: Port consecutively down (failures: 25)
[2026-03-29T01:32:21.921723] SERVICE_DOWN | Team: abcd | Service: TCP/8001 | Points Lost: 10 | Reason: Port consecutively down (failures: 25)
[2026-03-29T01:32:21.921745] SERVICE_DOWN | Team: abcd | Service: TCP/8002 | Points Lost: 10 | Reason: Port consecutively down (failures: 25)
[2026-03-29T01:32:21.921759] SERVICE_DOWN | Team: abcd | Service: TCP/8003 | Points Lost: 10 | Reason: Port consecutively down (failures: 25)
[2026-03-29T01:32:21.921773] SERVICE_DOWN | Team: abcd | Service: TCP/8004 | Points Lost: 10 | Reason: Port consecutively down (failures: 25)
[2026-03-29T01:32:21.921787] SERVICE_DOWN | Team: abcd | Service: TCP/8005 | Points Lost: 10 | Reason: Port consecutively down (failures: 25)
[2026-03-29T01:32:23.420688] SERVICE_DOWN | Team: narendhar | Service: TCP/8000 | Points Lost: 10 | Reason: Port consecutively down (failures: 25)
[2026-03-29T01:32:23.420797] SERVICE_DOWN | Team: narendhar | Service: TCP/8001 | Points Lost: 10 | Reason: Port consecutively down (failures: 25)
[2026-03-29T01:32:23.420834] SERVICE_DOWN | Team: narendhar | Service: TCP/8002 | Points Lost: 10 | Reason: Port consecutively down (failures: 25)
[2026-03-29T01:32:23.420862] SERVICE_DOWN | Team: narendhar | Service: TCP/8003 | Points Lost: 10 | Reason: Port consecutively down (failures: 25)
[2026-03-29T01:32:23.420901] SERVICE_DOWN | Team: narendhar | Service: TCP/8004 | Points Lost: 10 | Reason: Port consecutively down (failures: 25)
[2026-03-29T01:32:23.420943] SERVICE_DOWN | Team: narendhar | Service: TCP/8005 | Points Lost: 10 | Reason: Port consecutively down (failures: 25)
[2026-03-29T01:32:23.423172] SERVICE_DOWN | Team: dharun | Service: TCP/8000 | Points Lost: 10 | Reason: Port consecutively down (failures: 25)
[2026-03-29T01:32:23.423290] SERVICE_DOWN | Team: dharun | Service: TCP/8001 | Points Lost: 10 | Reason: Port consecutively down (failures: 25)
[2026-03-29T01:32:23.423354] SERVICE_DOWN | Team: dharun | Service: TCP/8002 | Points Lost: 10 | Reason: Port consecutively down (failures: 25)
[2026-03-29T01:32:23.423410] SERVICE_DOWN | Team: dharun | Service: TCP/8003 | Points Lost: 10 | Reason: Port consecutively down (failures: 25)
[2026-03-29T01:32:23.423463] SERVICE_DOWN | Team: dharun | Service: TCP/8004 | Points Lost: 10 | Reason: Port consecutively down (failures: 25)
[2026-03-29T01:32:23.423516] SERVICE_DOWN | Team: dharun | Service: TCP/8005 | Points Lost: 10 | Reason: Port consecutively down (failures: 25)
[2026-03-29T01:32:31.919525] SERVICE_DOWN | Team: abcd | Service: TCP/8000 | Points Lost: 10 | Reason: Port consecutively down (failures: 26)
[2026-03-29T01:32:31.919870] SERVICE_DOWN | Team: abcd | Service: TCP/8001 | Points Lost: 10 | Reason: Port consecutively down (failures: 26)
[2026-03-29T01:32:31.920057] SERVICE_DOWN | Team: abcd | Service: TCP/8002 | Points Lost: 10 | Reason: Port consecutively down (failures: 26)
[2026-03-29T01:32:31.920437] SERVICE_DOWN | Team: abcd | Service: TCP/8003 | Points Lost: 10 | Reason: Port consecutively down (failures: 26)
[2026-03-29T01:32:31.920679] SERVICE_DOWN | Team: abcd | Service: TCP/8004 | Points Lost: 10 | Reason: Port consecutively down (failures: 26)
[2026-03-29T01:32:31.920720] SERVICE_DOWN | Team: abcd | Service: TCP/8005 | Points Lost: 10 | Reason: Port consecutively down (failures: 26)
[2026-03-29T01:32:33.425522] SERVICE_DOWN | Team: dharun | Service: TCP/8000 | Points Lost: 10 | Reason: Port consecutively down (failures: 26)
[2026-03-29T01:32:33.425673] SERVICE_DOWN | Team: narendhar | Service: TCP/8000 | Points Lost: 10 | Reason: Port consecutively down (failures: 26)
[2026-03-29T01:32:33.425851] SERVICE_DOWN | Team: narendhar | Service: TCP/8001 | Points Lost: 10 | Reason: Port consecutively down (failures: 26)
[2026-03-29T01:32:33.425959] SERVICE_DOWN | Team: dharun | Service: TCP/8001 | Points Lost: 10 | Reason: Port consecutively down (failures: 26)
[2026-03-29T01:32:33.426014] SERVICE_DOWN | Team: narendhar | Service: TCP/8002 | Points Lost: 10 | Reason: Port consecutively down (failures: 26)
[2026-03-29T01:32:33.426117] SERVICE_DOWN | Team: narendhar | Service: TCP/8003 | Points Lost: 10 | Reason: Port consecutively down (failures: 26)
[2026-03-29T01:32:33.426195] SERVICE_DOWN | Team: dharun | Service: TCP/8002 | Points Lost: 10 | Reason: Port consecutively down (failures: 26)
[2026-03-29T01:32:33.426236] SERVICE_DOWN | Team: narendhar | Service: TCP/8004 | Points Lost: 10 | Reason: Port consecutively down (failures: 26)
[2026-03-29T01:32:33.426351] SERVICE_DOWN | Team: dharun | Service: TCP/8003 | Points Lost: 10 | Reason: Port consecutively down (failures: 26)
[2026-03-29T01:32:33.426370] SERVICE_DOWN | Team: narendhar | Service: TCP/8005 | Points Lost: 10 | Reason: Port consecutively down (failures: 26)
[2026-03-29T01:32:33.426469] SERVICE_DOWN | Team: dharun | Service: TCP/8004 | Points Lost: 10 | Reason: Port consecutively down (failures: 26)
[2026-03-29T01:32:33.426510] SERVICE_DOWN | Team: dharun | Service: TCP/8005 | Points Lost: 10 | Reason: Port consecutively down (failures: 26)
[2026-03-29T01:32:41.925867] SERVICE_DOWN | Team: abcd | Service: TCP/8000 | Points Lost: 10 | Reason: Port consecutively down (failures: 27)
[2026-03-29T01:32:41.926514] SERVICE_DOWN | Team: abcd | Service: TCP/8001 | Points Lost: 10 | Reason: Port consecutively down (failures: 27)
[2026-03-29T01:32:41.926820] SERVICE_DOWN | Team: abcd | Service: TCP/8002 | Points Lost: 10 | Reason: Port consecutively down (failures: 27)
[2026-03-29T01:32:41.926869] SERVICE_DOWN | Team: abcd | Service: TCP/8003 | Points Lost: 10 | Reason: Port consecutively down (failures: 27)
[2026-03-29T01:32:41.926898] SERVICE_DOWN | Team: abcd | Service: TCP/8004 | Points Lost: 10 | Reason: Port consecutively down (failures: 27)
[2026-03-29T01:32:41.926920] SERVICE_DOWN | Team: abcd | Service: TCP/8005 | Points Lost: 10 | Reason: Port consecutively down (failures: 27)
[2026-03-29T01:32:43.426707] SERVICE_DOWN | Team: dharun | Service: TCP/8000 | Points Lost: 10 | Reason: Port consecutively down (failures: 27)
[2026-03-29T01:32:43.427495] SERVICE_DOWN | Team: dharun | Service: TCP/8001 | Points Lost: 10 | Reason: Port consecutively down (failures: 27)
[2026-03-29T01:32:43.428060] SERVICE_DOWN | Team: dharun | Service: TCP/8002 | Points Lost: 10 | Reason: Port consecutively down (failures: 27)
[2026-03-29T01:32:43.428520] SERVICE_DOWN | Team: dharun | Service: TCP/8003 | Points Lost: 10 | Reason: Port consecutively down (failures: 27)
[2026-03-29T01:32:43.428660] SERVICE_DOWN | Team: narendhar | Service: TCP/8000 | Points Lost: 10 | Reason: Port consecutively down (failures: 27)
[2026-03-29T01:32:43.428725] SERVICE_DOWN | Team: dharun | Service: TCP/8004 | Points Lost: 10 | Reason: Port consecutively down (failures: 27)
[2026-03-29T01:32:43.428860] SERVICE_DOWN | Team: narendhar | Service: TCP/8001 | Points Lost: 10 | Reason: Port consecutively down (failures: 27)
[2026-03-29T01:32:43.428964] SERVICE_DOWN | Team: dharun | Service: TCP/8005 | Points Lost: 10 | Reason: Port consecutively down (failures: 27)
[2026-03-29T01:32:43.429078] SERVICE_DOWN | Team: narendhar | Service: TCP/8002 | Points Lost: 10 | Reason: Port consecutively down (failures: 27)
[2026-03-29T01:32:43.429151] SERVICE_DOWN | Team: narendhar | Service: TCP/8003 | Points Lost: 10 | Reason: Port consecutively down (failures: 27)
[2026-03-29T01:32:43.429348] SERVICE_DOWN | Team: narendhar | Service: TCP/8004 | Points Lost: 10 | Reason: Port consecutively down (failures: 27)
[2026-03-29T01:32:43.429417] SERVICE_DOWN | Team: narendhar | Service: TCP/8005 | Points Lost: 10 | Reason: Port consecutively down (failures: 27)
[2026-03-29T01:32:51.923756] SERVICE_DOWN | Team: abcd | Service: TCP/8000 | Points Lost: 10 | Reason: Port consecutively down (failures: 28)
[2026-03-29T01:32:51.926072] SERVICE_DOWN | Team: abcd | Service: TCP/8001 | Points Lost: 10 | Reason: Port consecutively down (failures: 28)
[2026-03-29T01:32:51.926761] SERVICE_DOWN | Team: abcd | Service: TCP/8002 | Points Lost: 10 | Reason: Port consecutively down (failures: 28)
[2026-03-29T01:32:51.926880] SERVICE_DOWN | Team: abcd | Service: TCP/8003 | Points Lost: 10 | Reason: Port consecutively down (failures: 28)
[2026-03-29T01:32:51.927847] SERVICE_DOWN | Team: abcd | Service: TCP/8004 | Points Lost: 10 | Reason: Port consecutively down (failures: 28)
[2026-03-29T01:32:51.928238] SERVICE_DOWN | Team: abcd | Service: TCP/8005 | Points Lost: 10 | Reason: Port consecutively down (failures: 28)
[2026-03-29T01:32:53.431067] SERVICE_DOWN | Team: narendhar | Service: TCP/8000 | Points Lost: 10 | Reason: Port consecutively down (failures: 28)
[2026-03-29T01:32:53.431794] SERVICE_DOWN | Team: narendhar | Service: TCP/8001 | Points Lost: 10 | Reason: Port consecutively down (failures: 28)
[2026-03-29T01:32:53.432202] SERVICE_DOWN | Team: narendhar | Service: TCP/8002 | Points Lost: 10 | Reason: Port consecutively down (failures: 28)
[2026-03-29T01:32:53.432274] SERVICE_DOWN | Team: narendhar | Service: TCP/8003 | Points Lost: 10 | Reason: Port consecutively down (failures: 28)
[2026-03-29T01:32:53.432388] SERVICE_DOWN | Team: narendhar | Service: TCP/8004 | Points Lost: 10 | Reason: Port consecutively down (failures: 28)
[2026-03-29T01:32:53.432464] SERVICE_DOWN | Team: dharun | Service: TCP/8000 | Points Lost: 10 | Reason: Port consecutively down (failures: 28)
[2026-03-29T01:32:53.432586] SERVICE_DOWN | Team: narendhar | Service: TCP/8005 | Points Lost: 10 | Reason: Port consecutively down (failures: 28)
[2026-03-29T01:32:53.432694] SERVICE_DOWN | Team: dharun | Service: TCP/8001 | Points Lost: 10 | Reason: Port consecutively down (failures: 28)
[2026-03-29T01:32:53.433000] SERVICE_DOWN | Team: dharun | Service: TCP/8002 | Points Lost: 10 | Reason: Port consecutively down (failures: 28)
[2026-03-29T01:32:53.433221] SERVICE_DOWN | Team: dharun | Service: TCP/8003 | Points Lost: 10 | Reason: Port consecutively down (failures: 28)
[2026-03-29T01:32:53.433289] SERVICE_DOWN | Team: dharun | Service: TCP/8004 | Points Lost: 10 | Reason: Port consecutively down (failures: 28)
[2026-03-29T01:32:53.433506] SERVICE_DOWN | Team: dharun | Service: TCP/8005 | Points Lost: 10 | Reason: Port consecutively down (failures: 28)
[2026-03-29T01:33:01.924833] SERVICE_DOWN | Team: abcd | Service: TCP/8000 | Points Lost: 10 | Reason: Port consecutively down (failures: 29)
[2026-03-29T01:33:01.926826] SERVICE_DOWN | Team: abcd | Service: TCP/8001 | Points Lost: 10 | Reason: Port consecutively down (failures: 29)
[2026-03-29T01:33:01.927618] SERVICE_DOWN | Team: abcd | Service: TCP/8002 | Points Lost: 10 | Reason: Port consecutively down (failures: 29)
[2026-03-29T01:33:01.927670] SERVICE_DOWN | Team: abcd | Service: TCP/8003 | Points Lost: 10 | Reason: Port consecutively down (failures: 29)
[2026-03-29T01:33:01.927703] SERVICE_DOWN | Team: abcd | Service: TCP/8004 | Points Lost: 10 | Reason: Port consecutively down (failures: 29)
[2026-03-29T01:33:01.927726] SERVICE_DOWN | Team: abcd | Service: TCP/8005 | Points Lost: 10 | Reason: Port consecutively down (failures: 29)
[2026-03-29T01:33:03.431184] SERVICE_DOWN | Team: dharun | Service: TCP/8000 | Points Lost: 10 | Reason: Port consecutively down (failures: 29)
[2026-03-29T01:33:03.431295] SERVICE_DOWN | Team: narendhar | Service: TCP/8000 | Points Lost: 10 | Reason: Port consecutively down (failures: 29)
[2026-03-29T01:33:03.431477] SERVICE_DOWN | Team: dharun | Service: TCP/8001 | Points Lost: 10 | Reason: Port consecutively down (failures: 29)
[2026-03-29T01:33:03.431520] SERVICE_DOWN | Team: narendhar | Service: TCP/8001 | Points Lost: 10 | Reason: Port consecutively down (failures: 29)
[2026-03-29T01:33:03.431631] SERVICE_DOWN | Team: narendhar | Service: TCP/8002 | Points Lost: 10 | Reason: Port consecutively down (failures: 29)
[2026-03-29T01:33:03.431663] SERVICE_DOWN | Team: dharun | Service: TCP/8002 | Points Lost: 10 | Reason: Port consecutively down (failures: 29)
[2026-03-29T01:33:03.431751] SERVICE_DOWN | Team: narendhar | Service: TCP/8003 | Points Lost: 10 | Reason: Port consecutively down (failures: 29)
[2026-03-29T01:33:03.431833] SERVICE_DOWN | Team: dharun | Service: TCP/8003 | Points Lost: 10 | Reason: Port consecutively down (failures: 29)
[2026-03-29T01:33:03.431860] SERVICE_DOWN | Team: narendhar | Service: TCP/8004 | Points Lost: 10 | Reason: Port consecutively down (failures: 29)
[2026-03-29T01:33:03.431941] SERVICE_DOWN | Team: narendhar | Service: TCP/8005 | Points Lost: 10 | Reason: Port consecutively down (failures: 29)
[2026-03-29T01:33:03.432023] SERVICE_DOWN | Team: dharun | Service: TCP/8004 | Points Lost: 10 | Reason: Port consecutively down (failures: 29)
[2026-03-29T01:33:03.432447] SERVICE_DOWN | Team: dharun | Service: TCP/8005 | Points Lost: 10 | Reason: Port consecutively down (failures: 29)
[2026-03-29T01:33:11.932228] SERVICE_DOWN | Team: abcd | Service: TCP/8000 | Points Lost: 10 | Reason: Port consecutively down (failures: 30)
[2026-03-29T01:33:11.932585] SERVICE_DOWN | Team: abcd | Service: TCP/8001 | Points Lost: 10 | Reason: Port consecutively down (failures: 30)
[2026-03-29T01:33:11.932770] SERVICE_DOWN | Team: abcd | Service: TCP/8002 | Points Lost: 10 | Reason: Port consecutively down (failures: 30)
[2026-03-29T01:33:11.932882] SERVICE_DOWN | Team: abcd | Service: TCP/8003 | Points Lost: 10 | Reason: Port consecutively down (failures: 30)
[2026-03-29T01:33:11.932966] SERVICE_DOWN | Team: abcd | Service: TCP/8004 | Points Lost: 10 | Reason: Port consecutively down (failures: 30)
[2026-03-29T01:33:11.933034] SERVICE_DOWN | Team: abcd | Service: TCP/8005 | Points Lost: 10 | Reason: Port consecutively down (failures: 30)
[2026-03-29T01:33:13.427800] SERVICE_DOWN | Team: narendhar | Service: TCP/8000 | Points Lost: 10 | Reason: Port consecutively down (failures: 30)
[2026-03-29T01:33:13.428001] SERVICE_DOWN | Team: narendhar | Service: TCP/8001 | Points Lost: 10 | Reason: Port consecutively down (failures: 30)
[2026-03-29T01:33:13.428121] SERVICE_DOWN | Team: narendhar | Service: TCP/8002 | Points Lost: 10 | Reason: Port consecutively down (failures: 30)
[2026-03-29T01:33:13.428216] SERVICE_DOWN | Team: narendhar | Service: TCP/8003 | Points Lost: 10 | Reason: Port consecutively down (failures: 30)
[2026-03-29T01:33:13.428304] SERVICE_DOWN | Team: narendhar | Service: TCP/8004 | Points Lost: 10 | Reason: Port consecutively down (failures: 30)
[2026-03-29T01:33:13.428392] SERVICE_DOWN | Team: narendhar | Service: TCP/8005 | Points Lost: 10 | Reason: Port consecutively down (failures: 30)
[2026-03-29T01:33:13.433216] SERVICE_DOWN | Team: dharun | Service: TCP/8000 | Points Lost: 10 | Reason: Port consecutively down (failures: 30)
[2026-03-29T01:33:13.433305] SERVICE_DOWN | Team: dharun | Service: TCP/8001 | Points Lost: 10 | Reason: Port consecutively down (failures: 30)
[2026-03-29T01:33:13.433333] SERVICE_DOWN | Team: dharun | Service: TCP/8002 | Points Lost: 10 | Reason: Port consecutively down (failures: 30)
[2026-03-29T01:33:13.433358] SERVICE_DOWN | Team: dharun | Service: TCP/8003 | Points Lost: 10 | Reason: Port consecutively down (failures: 30)
[2026-03-29T01:33:13.433381] SERVICE_DOWN | Team: dharun | Service: TCP/8004 | Points Lost: 10 | Reason: Port consecutively down (failures: 30)
[2026-03-29T01:33:13.433404] SERVICE_DOWN | Team: dharun | Service: TCP/8005 | Points Lost: 10 | Reason: Port consecutively down (failures: 30)
[2026-03-29T01:33:21.923011] SERVICE_DOWN | Team: abcd | Service: TCP/8000 | Points Lost: 10 | Reason: Port consecutively down (failures: 31)
[2026-03-29T01:33:21.923834] SERVICE_DOWN | Team: abcd | Service: TCP/8001 | Points Lost: 10 | Reason: Port consecutively down (failures: 31)
[2026-03-29T01:33:21.926750] SERVICE_DOWN | Team: abcd | Service: TCP/8002 | Points Lost: 10 | Reason: Port consecutively down (failures: 31)
[2026-03-29T01:33:21.927216] SERVICE_DOWN | Team: abcd | Service: TCP/8003 | Points Lost: 10 | Reason: Port consecutively down (failures: 31)
[2026-03-29T01:33:21.927964] SERVICE_DOWN | Team: abcd | Service: TCP/8004 | Points Lost: 10 | Reason: Port consecutively down (failures: 31)
[2026-03-29T01:33:21.928283] SERVICE_DOWN | Team: abcd | Service: TCP/8005 | Points Lost: 10 | Reason: Port consecutively down (failures: 31)
[2026-03-29T01:33:23.429322] SERVICE_DOWN | Team: narendhar | Service: TCP/8000 | Points Lost: 10 | Reason: Port consecutively down (failures: 31)
[2026-03-29T01:33:23.429435] SERVICE_DOWN | Team: narendhar | Service: TCP/8001 | Points Lost: 10 | Reason: Port consecutively down (failures: 31)
[2026-03-29T01:33:23.429470] SERVICE_DOWN | Team: narendhar | Service: TCP/8002 | Points Lost: 10 | Reason: Port consecutively down (failures: 31)
[2026-03-29T01:33:23.429498] SERVICE_DOWN | Team: narendhar | Service: TCP/8003 | Points Lost: 10 | Reason: Port consecutively down (failures: 31)
[2026-03-29T01:33:23.429527] SERVICE_DOWN | Team: narendhar | Service: TCP/8004 | Points Lost: 10 | Reason: Port consecutively down (failures: 31)
[2026-03-29T01:33:23.429749] SERVICE_DOWN | Team: narendhar | Service: TCP/8005 | Points Lost: 10 | Reason: Port consecutively down (failures: 31)
[2026-03-29T01:33:23.430896] SERVICE_DOWN | Team: dharun | Service: TCP/8000 | Points Lost: 10 | Reason: Port consecutively down (failures: 31)
[2026-03-29T01:33:23.431074] SERVICE_DOWN | Team: dharun | Service: TCP/8001 | Points Lost: 10 | Reason: Port consecutively down (failures: 31)
[2026-03-29T01:33:23.431147] SERVICE_DOWN | Team: dharun | Service: TCP/8002 | Points Lost: 10 | Reason: Port consecutively down (failures: 31)
[2026-03-29T01:33:23.431202] SERVICE_DOWN | Team: dharun | Service: TCP/8003 | Points Lost: 10 | Reason: Port consecutively down (failures: 31)
[2026-03-29T01:33:23.431273] SERVICE_DOWN | Team: dharun | Service: TCP/8004 | Points Lost: 10 | Reason: Port consecutively down (failures: 31)
[2026-03-29T01:33:23.431325] SERVICE_DOWN | Team: dharun | Service: TCP/8005 | Points Lost: 10 | Reason: Port consecutively down (failures: 31)
[2026-03-29T01:33:31.921165] SERVICE_DOWN | Team: abcd | Service: TCP/8000 | Points Lost: 10 | Reason: Port consecutively down (failures: 32)
[2026-03-29T01:33:31.921247] SERVICE_DOWN | Team: abcd | Service: TCP/8001 | Points Lost: 10 | Reason: Port consecutively down (failures: 32)
[2026-03-29T01:33:31.921319] SERVICE_DOWN | Team: abcd | Service: TCP/8002 | Points Lost: 10 | Reason: Port consecutively down (failures: 32)
[2026-03-29T01:33:31.921365] SERVICE_DOWN | Team: abcd | Service: TCP/8003 | Points Lost: 10 | Reason: Port consecutively down (failures: 32)
[2026-03-29T01:33:31.921400] SERVICE_DOWN | Team: abcd | Service: TCP/8004 | Points Lost: 10 | Reason: Port consecutively down (failures: 32)
[2026-03-29T01:33:31.921433] SERVICE_DOWN | Team: abcd | Service: TCP/8005 | Points Lost: 10 | Reason: Port consecutively down (failures: 32)
[2026-03-29T01:33:33.424101] SERVICE_DOWN | Team: dharun | Service: TCP/8000 | Points Lost: 10 | Reason: Port consecutively down (failures: 32)
[2026-03-29T01:33:33.424254] SERVICE_DOWN | Team: narendhar | Service: TCP/8000 | Points Lost: 10 | Reason: Port consecutively down (failures: 32)
[2026-03-29T01:33:33.424558] SERVICE_DOWN | Team: narendhar | Service: TCP/8001 | Points Lost: 10 | Reason: Port consecutively down (failures: 32)
[2026-03-29T01:33:33.424672] SERVICE_DOWN | Team: dharun | Service: TCP/8001 | Points Lost: 10 | Reason: Port consecutively down (failures: 32)
[2026-03-29T01:33:33.424897] SERVICE_DOWN | Team: narendhar | Service: TCP/8002 | Points Lost: 10 | Reason: Port consecutively down (failures: 32)
[2026-03-29T01:33:33.424990] SERVICE_DOWN | Team: dharun | Service: TCP/8002 | Points Lost: 10 | Reason: Port consecutively down (failures: 32)
[2026-03-29T01:33:33.425192] SERVICE_DOWN | Team: dharun | Service: TCP/8003 | Points Lost: 10 | Reason: Port consecutively down (failures: 32)
[2026-03-29T01:33:33.425334] SERVICE_DOWN | Team: narendhar | Service: TCP/8003 | Points Lost: 10 | Reason: Port consecutively down (failures: 32)
[2026-03-29T01:33:33.425468] SERVICE_DOWN | Team: dharun | Service: TCP/8004 | Points Lost: 10 | Reason: Port consecutively down (failures: 32)
[2026-03-29T01:33:33.425567] SERVICE_DOWN | Team: narendhar | Service: TCP/8004 | Points Lost: 10 | Reason: Port consecutively down (failures: 32)
[2026-03-29T01:33:33.425766] SERVICE_DOWN | Team: dharun | Service: TCP/8005 | Points Lost: 10 | Reason: Port consecutively down (failures: 32)
[2026-03-29T01:33:33.425921] SERVICE_DOWN | Team: narendhar | Service: TCP/8005 | Points Lost: 10 | Reason: Port consecutively down (failures: 32)
[2026-03-29T01:33:41.923817] SERVICE_DOWN | Team: abcd | Service: TCP/8000 | Points Lost: 10 | Reason: Port consecutively down (failures: 33)
[2026-03-29T01:33:41.924692] SERVICE_DOWN | Team: abcd | Service: TCP/8001 | Points Lost: 10 | Reason: Port consecutively down (failures: 33)
[2026-03-29T01:33:41.925607] SERVICE_DOWN | Team: abcd | Service: TCP/8002 | Points Lost: 10 | Reason: Port consecutively down (failures: 33)
[2026-03-29T01:33:41.925650] SERVICE_DOWN | Team: abcd | Service: TCP/8003 | Points Lost: 10 | Reason: Port consecutively down (failures: 33)
[2026-03-29T01:33:41.925669] SERVICE_DOWN | Team: abcd | Service: TCP/8004 | Points Lost: 10 | Reason: Port consecutively down (failures: 33)
[2026-03-29T01:33:41.925694] SERVICE_DOWN | Team: abcd | Service: TCP/8005 | Points Lost: 10 | Reason: Port consecutively down (failures: 33)
[2026-03-29T01:33:43.427634] SERVICE_DOWN | Team: dharun | Service: TCP/8000 | Points Lost: 10 | Reason: Port consecutively down (failures: 33)
[2026-03-29T01:33:43.427813] SERVICE_DOWN | Team: dharun | Service: TCP/8001 | Points Lost: 10 | Reason: Port consecutively down (failures: 33)
[2026-03-29T01:33:43.427989] SERVICE_DOWN | Team: dharun | Service: TCP/8002 | Points Lost: 10 | Reason: Port consecutively down (failures: 33)
[2026-03-29T01:33:43.428370] SERVICE_DOWN | Team: narendhar | Service: TCP/8000 | Points Lost: 10 | Reason: Port consecutively down (failures: 33)
[2026-03-29T01:33:43.428425] SERVICE_DOWN | Team: dharun | Service: TCP/8003 | Points Lost: 10 | Reason: Port consecutively down (failures: 33)
[2026-03-29T01:33:43.428516] SERVICE_DOWN | Team: dharun | Service: TCP/8004 | Points Lost: 10 | Reason: Port consecutively down (failures: 33)
[2026-03-29T01:33:43.428599] SERVICE_DOWN | Team: dharun | Service: TCP/8005 | Points Lost: 10 | Reason: Port consecutively down (failures: 33)
[2026-03-29T01:33:43.428639] SERVICE_DOWN | Team: narendhar | Service: TCP/8001 | Points Lost: 10 | Reason: Port consecutively down (failures: 33)
[2026-03-29T01:33:43.428759] SERVICE_DOWN | Team: narendhar | Service: TCP/8002 | Points Lost: 10 | Reason: Port consecutively down (failures: 33)
[2026-03-29T01:33:43.428825] SERVICE_DOWN | Team: narendhar | Service: TCP/8003 | Points Lost: 10 | Reason: Port consecutively down (failures: 33)
[2026-03-29T01:33:43.428971] SERVICE_DOWN | Team: narendhar | Service: TCP/8004 | Points Lost: 10 | Reason: Port consecutively down (failures: 33)
[2026-03-29T01:33:43.429028] SERVICE_DOWN | Team: narendhar | Service: TCP/8005 | Points Lost: 10 | Reason: Port consecutively down (failures: 33)

=== Server session started at 2026-03-29T01:33:49.488823 ===
